[2024-Sept-10 08:39:04] [debug] --------------------------------------------------------------------------------
[2024-Sept-10 08:39:04] [debug] nrfjprog --recover -f nrf52 --log 
[2024-Sept-10 08:39:04] [debug] nrfjprog version 10.24.2 external
[2024-Sept-10 08:39:04] [debug] --------------------------------------------------------------------------------
[2024-Sept-10 08:39:04] [ info] Load library at C:\Program Files\Nordic Semiconductor\nrf-command-line-tools\bin\nrfjprog.dll.
[2024-Sept-10 08:39:04] [ info] Library loaded, loading member functions.
[2024-Sept-10 08:39:04] [ info] Member functions succesfully loaded.
[2024-Sept-10 08:39:04] [debug] [ Client] - open
[2024-Sept-10 08:39:04] [debug] [ Client] - start
[2024-Sept-10 08:39:04] [ info] [ Client] - stdout: Jlinkarm nRF Worker ready. Handling sequence be5a21d5-eb6f-4345-b41e-ab1f357900ad.
[2024-Sept-10 08:39:04] [trace] [ Client] - Command open executed for 29 milliseconds with result 0
[2024-Sept-10 08:39:04] [debug] [ Client] - config
[2024-Sept-10 08:39:04] [debug] [SeggerBackend] - Logger sink registered in Segger backend logger
[2024-Sept-10 08:39:04] [trace] [ Client] - Command config executed for 15 milliseconds with result 0
[2024-Sept-10 08:39:04] [debug] [  JLink] - Logger sink registered in JLink logger
[2024-Sept-10 08:39:04] [debug] [  nRF52] - open
[2024-Sept-10 08:39:04] [debug] [  nRF52] - just_check_family
[2024-Sept-10 08:39:04] [debug] [SeggerBackend] - open_dll
[2024-Sept-10 08:39:04] [debug] [SeggerBackend] - No J-Link DLL path was provided. Attempting to auto detect.
[2024-Sept-10 08:39:04] [ info] [SeggerBackend] - Load library at C:\Program Files\SEGGER\JLink_V796j\JLink_x64.dll.
[2024-Sept-10 08:39:04] [ info] [SeggerBackend] - Library loaded, loading member functions.
[2024-Sept-10 08:39:04] [ info] [SeggerBackend] - Member functions succesfully loaded.
[2024-Sept-10 08:39:04] [debug] [ Client] - enum_emu_snr
[2024-Sept-10 08:39:04] [debug] [SeggerBackend] - Set batch mode
[2024-Sept-10 08:39:04] [debug] [SeggerBackend] - dll_version
[2024-Sept-10 08:39:04] [ info] [SeggerBackend] - Segger dll version 7.96.j loaded.
[2024-Sept-10 08:39:04] [trace] [ Worker] - Command open executed for 2 milliseconds with result 0
[2024-Sept-10 08:39:04] [debug] [  nRF52] - config
[2024-Sept-10 08:39:04] [debug] [SeggerBackend] - enum_emu_snr
[2024-Sept-10 08:39:04] [trace] [ Worker] - Command config executed for 2 milliseconds with result 0
[2024-Sept-10 08:39:04] [trace] [ Client] - Command enum_emu_con_info executed for 15 milliseconds with result 0
[2024-Sept-10 08:39:04] [debug] [ Client] - connect_to_emu_with_snr
[2024-Sept-10 08:39:04] [debug] [  nRF52] - enum_emu_con_info
[2024-Sept-10 08:39:04] [debug] [SeggerBackend] - is_connected_to_emu
[2024-Sept-10 08:39:04] [debug] [SeggerBackend] - enum_emu_con_info
[2024-Sept-10 08:39:04] [debug] [SeggerBackend] - is_connected_to_emu
[2024-Sept-10 08:39:04] [trace] [ Worker] - Command enum_emu_con_info executed for 2 milliseconds with result 0
[2024-Sept-10 08:39:04] [debug] [  nRF52] - connect_to_emu_with_snr
[2024-Sept-10 08:39:04] [debug] [SeggerBackend] - is_connected_to_emu
[2024-Sept-10 08:39:04] [debug] [SeggerBackend] - connect_to_emu_with_snr
[2024-Sept-10 08:39:04] [debug] [SeggerBackend] - is_connected_to_emu
[2024-Sept-10 08:39:04] [debug] [SeggerBackend] - ---just_enum_emu_snr
[2024-Sept-10 08:39:04] [debug] [SeggerBackend] - ---just_get_num_emus
[2024-Sept-10 08:39:04] [debug] [SeggerBackend] - ---just_connect_to_emu_with_snr
[2024-Sept-10 08:39:04] [debug] [SeggerBackend] - ---just_connect_to_emu_without_snr
[2024-Sept-10 08:39:04] [debug] [SeggerBackend] - Segger logging enabled.
[2024-Sept-10 08:39:04] [trace] [  JLink] - Firmware: J-Link OB-nRF5340-NordicSemi compiled Apr 11 2024 17:44:26
[2024-Sept-10 08:39:04] [trace] [  JLink] - Firmware: J-Link OB-nRF5340-NordicSemi compiled Apr 11 2024 17:44:26
[2024-Sept-10 08:39:04] [trace] [  JLink] - Hardware: V1.00
[2024-Sept-10 08:39:04] [trace] [  JLink] - S/N: 1050397561
[2024-Sept-10 08:39:04] [trace] [  JLink] - OEM: SEGGER
[2024-Sept-10 08:39:04] [trace] [  JLink] - Feature(s): RDI, FlashBP, FlashDL, JFlash, GDB
[2024-Sept-10 08:39:04] [trace] [  JLink] - Bootloader: 2021 May 18
[2024-Sept-10 08:39:04] [trace] [  JLink] - USB speed mode: Full speed (12 MBit/s)
[2024-Sept-10 08:39:04] [trace] [  JLink] - TELNET listener socket opened on port 19021
[2024-Sept-10 08:39:04] [trace] [  JLink] - WEBSRV WEBSRV_Init(): Starting webserver thread(s)
[2024-Sept-10 08:39:04] [trace] [  JLink] - WEBSRV Failed to put socket into listener state (port 19080)
[2024-Sept-10 08:39:04] [trace] [  JLink] - WEBSRV Webserver running on local port 19081
[2024-Sept-10 08:39:04] [trace] [  JLink] - Looking for J-Link GUI Server exe at: C:\Program Files\SEGGER\JLink_V796j\JLinkGUIServer.exe 
[2024-Sept-10 08:39:04] [trace] [  JLink] - Forking J-Link GUI Server: C:\Program Files\SEGGER\JLink_V796j\JLinkGUIServer.exe 
[2024-Sept-10 08:39:04] [trace] [ Client] - Command connect_to_emu_with_snr executed for 62 milliseconds with result 0
[2024-Sept-10 08:39:04] [debug] [ Client] - read_connected_emu_snr
[2024-Sept-10 08:39:04] [trace] [  JLink] - J-Link GUI Server info: "J-Link GUI server V7.96j " 
[2024-Sept-10 08:39:04] [trace] [ Client] - Command read_connected_emu_snr executed for 14 milliseconds with result 0
[2024-Sept-10 08:39:04] [trace] [  JLink] - - 30.676ms returns "O.K."  
[2024-Sept-10 08:39:04] [trace] [  JLink] - JLINK_HasError()  
[2024-Sept-10 08:39:04] [trace] [  JLink] - JLINK_Lock()  
[2024-Sept-10 08:39:04] [trace] [  JLink] - JLINK_ExecCommand("SetRestartOnClose = 0", ...).   
[2024-Sept-10 08:39:04] [trace] [  JLink] - - 0.001ms returns 0x01  
[2024-Sept-10 08:39:04] [trace] [  JLink] - JLINK_HasError()  
[2024-Sept-10 08:39:04] [trace] [  JLink] - JLINK_ExecCommand("DisableFlashDL", ...).   
[2024-Sept-10 08:39:04] [trace] [  JLink] - - 0.002ms returns 0x00  
[2024-Sept-10 08:39:04] [trace] [  JLink] - JLINK_HasError()  
[2024-Sept-10 08:39:04] [trace] [  JLink] - JLINK_ExecCommand("ExcludeFlashCacheRange 0x0-0xFFFFFFFF", ...).   
[2024-Sept-10 08:39:04] [trace] [  JLink] - - 0.000ms returns 0x00  
[2024-Sept-10 08:39:04] [trace] [  JLink] - JLINK_HasError()  
[2024-Sept-10 08:39:04] [trace] [  JLink] - JLINK_SetHookUnsecureDialog  
[2024-Sept-10 08:39:04] [trace] [  JLink] - JLINK_SetHookUnsecureDialog(...)
[2024-Sept-10 08:39:04] [trace] [  JLink] - - 0.007ms returns 0  
[2024-Sept-10 08:39:04] [trace] [  JLink] - JLINK_HasError()  
[2024-Sept-10 08:39:04] [trace] [  JLink] - JLINK_TIF_Select(JLINKARM_TIF_SWD)  
[2024-Sept-10 08:39:04] [trace] [  JLink] - - 1.496ms returns 0x00  
[2024-Sept-10 08:39:04] [trace] [  JLink] - JLINK_HasError()  
[2024-Sept-10 08:39:04] [trace] [  JLink] - JLINK_GetSpeedInfo()  
[2024-Sept-10 08:39:04] [trace] [  JLink] - 128000000 Hz / n, n >= 64
[2024-Sept-10 08:39:04] [trace] [  JLink] - - 0.006ms  
[2024-Sept-10 08:39:04] [trace] [  JLink] - JLINK_HasError()  
[2024-Sept-10 08:39:04] [debug] [SeggerBackend] - Connected emulator supports SWD speeds up to 2000kHz
[2024-Sept-10 08:39:04] [trace] [  JLink] - JLINK_SetSpeed(2000)  
[2024-Sept-10 08:39:04] [trace] [  JLink] - - 0.431ms  
[2024-Sept-10 08:39:04] [trace] [  JLink] - JLINK_HasError()  
[2024-Sept-10 08:39:04] [trace] [  JLink] - JLINK_GetSpeed()  
[2024-Sept-10 08:39:04] [trace] [  JLink] - - 0.002ms returns 2000  
[2024-Sept-10 08:39:04] [trace] [  JLink] - JLINK_HasError()  
[2024-Sept-10 08:39:04] [debug] [SeggerBackend] - SWD clock set to 2000kHz
[2024-Sept-10 08:39:04] [trace] [  JLink] - JLINK_GetSN()  
[2024-Sept-10 08:39:04] [trace] [  JLink] - - 0.002ms returns 1050397561  
[2024-Sept-10 08:39:04] [trace] [  JLink] - JLINK_HasError()  
[2024-Sept-10 08:39:04] [trace] [  JLink] - - 0.006ms  
[2024-Sept-10 08:39:04] [debug] [  nRF52] - read_device_family
[2024-Sept-10 08:39:04] [trace] [ Worker] - Command connect_to_emu_with_snr executed for 47 milliseconds with result 0
[2024-Sept-10 08:39:04] [debug] [  nRF52] - read_connected_emu_snr
[2024-Sept-10 08:39:04] [debug] [SeggerBackend] - is_connected_to_emu
[2024-Sept-10 08:39:04] [trace] [  JLink] - JLINK_IsOpen()  
[2024-Sept-10 08:39:04] [trace] [  JLink] - - 0.009ms returns 0x01  
[2024-Sept-10 08:39:04] [trace] [  JLink] - JLINK_HasError()  
[2024-Sept-10 08:39:04] [trace] [  JLink] - JLINK_Lock()  
[2024-Sept-10 08:39:04] [debug] [SeggerBackend] - read_connected_emu_snr
[2024-Sept-10 08:39:04] [trace] [  JLink] - - 0.003ms  
[2024-Sept-10 08:39:04] [trace] [ Worker] - Command read_connected_emu_snr executed for 0 milliseconds with result 0
[2024-Sept-10 08:39:04] [debug] [ Client] - recover
[2024-Sept-10 08:39:04] [debug] [  nRF52] - recover
[2024-Sept-10 08:39:04] [debug] [SeggerBackend] - is_connected_to_emu
[2024-Sept-10 08:39:04] [trace] [  JLink] - JLINK_IsOpen()  
[2024-Sept-10 08:39:04] [trace] [  JLink] - - 0.009ms returns 0x01  
[2024-Sept-10 08:39:04] [trace] [  JLink] - JLINK_HasError()  
[2024-Sept-10 08:39:04] [trace] [  JLink] - JLINK_Lock()  
[2024-Sept-10 08:39:04] [debug] [SeggerBackend] - is_connected_to_emu
[2024-Sept-10 08:39:04] [debug] [  nRF52] - Just_recover
[2024-Sept-10 08:39:04] [debug] [  nRF52] - Just_is_ctrl_ap_available
[2024-Sept-10 08:39:04] [debug] [SeggerBackend] - read_access_port_register
[2024-Sept-10 08:39:04] [debug] [SeggerBackend] - ---just_read_access_port_register
[2024-Sept-10 08:39:04] [debug] [SeggerBackend] - coresight_configure
[2024-Sept-10 08:39:04] [trace] [  JLink] - JLINK_GetHWStatus(...)  
[2024-Sept-10 08:39:04] [trace] [  JLink] - - 0.431ms returns 0  
[2024-Sept-10 08:39:04] [trace] [  JLink] - JLINK_HasError()  
[2024-Sept-10 08:39:04] [trace] [  JLink] - JLINK_CORESIGHT_Configure()  
[2024-Sept-10 08:39:04] [trace] [  JLink] - - 0.638ms returns 0  
[2024-Sept-10 08:39:04] [trace] [  JLink] - JLINK_HasError()  
[2024-Sept-10 08:39:04] [debug] [SeggerBackend] - read_debug_port_idr
[2024-Sept-10 08:39:04] [debug] [SeggerBackend] - read_debug_port_register
[2024-Sept-10 08:39:04] [debug] [SeggerBackend] - ---just_read_debug_port_register
[2024-Sept-10 08:39:04] [debug] [SeggerBackend] - ---just_select_debug_port_register
[2024-Sept-10 08:39:04] [debug] [SeggerBackend] - Select AP 255, DP Bank 0, AP Bank 255
[2024-Sept-10 08:39:04] [trace] [  JLink] - JLINK_CORESIGHT_WriteAPDPReg(DP reg 0x02, 0x00000000)  
[2024-Sept-10 08:39:04] [trace] [  JLink] - - 0.503ms returns 0  
[2024-Sept-10 08:39:04] [trace] [  JLink] - JLINK_HasError()  
[2024-Sept-10 08:39:04] [trace] [  JLink] - JLINK_CORESIGHT_ReadAPDPReg(DP reg 0x00)  
[2024-Sept-10 08:39:04] [trace] [  JLink] - Value=0x2BA01477
[2024-Sept-10 08:39:04] [trace] [  JLink] - - 0.447ms returns 0  
[2024-Sept-10 08:39:04] [trace] [  JLink] - JLINK_HasError()  
[2024-Sept-10 08:39:04] [debug] [SeggerBackend] - ---just_is_debug_region_powered
[2024-Sept-10 08:39:04] [debug] [SeggerBackend] - ---just_read_debug_port_register
[2024-Sept-10 08:39:04] [debug] [SeggerBackend] - ---just_select_debug_port_register
[2024-Sept-10 08:39:04] [trace] [  JLink] - JLINK_CORESIGHT_ReadAPDPReg(DP reg 0x01)  
[2024-Sept-10 08:39:04] [trace] [  JLink] - Value=0xF0000040
[2024-Sept-10 08:39:04] [trace] [  JLink] - - 0.431ms returns 0  
[2024-Sept-10 08:39:04] [trace] [  JLink] - JLINK_HasError()  
[2024-Sept-10 08:39:04] [debug] [SeggerBackend] - ---just_select_access_port_register
[2024-Sept-10 08:39:04] [debug] [SeggerBackend] - Select AP 1, DP Bank 0, AP Bank 15
[2024-Sept-10 08:39:04] [trace] [  JLink] - JLINK_CORESIGHT_WriteAPDPReg(DP reg 0x02, 0x010000F0)  
[2024-Sept-10 08:39:04] [trace] [  JLink] - - 0.442ms returns 0  
[2024-Sept-10 08:39:04] [trace] [  JLink] - JLINK_HasError()  
[2024-Sept-10 08:39:04] [trace] [  JLink] - JLINK_CORESIGHT_ReadAPDPReg(AP reg 0x03)  
[2024-Sept-10 08:39:04] [trace] [  JLink] - Value=0x02880000
[2024-Sept-10 08:39:04] [trace] [  JLink] - - 0.477ms returns 0  
[2024-Sept-10 08:39:04] [trace] [  JLink] - JLINK_HasError()  
[2024-Sept-10 08:39:04] [debug] [SeggerBackend] - read_access_port_register
[2024-Sept-10 08:39:04] [debug] [SeggerBackend] - ---just_read_access_port_register
[2024-Sept-10 08:39:04] [debug] [SeggerBackend] - ---just_select_access_port_register
[2024-Sept-10 08:39:04] [trace] [  JLink] - JLINK_CORESIGHT_ReadAPDPReg(AP reg 0x03)  
[2024-Sept-10 08:39:04] [trace] [  JLink] - Value=0x02880000
[2024-Sept-10 08:39:04] [trace] [  JLink] - - 0.493ms returns 0  
[2024-Sept-10 08:39:04] [trace] [  JLink] - JLINK_HasError()  
[2024-Sept-10 08:39:04] [debug] [SeggerBackend] - read_access_port_register
[2024-Sept-10 08:39:04] [debug] [SeggerBackend] - ---just_read_access_port_register
[2024-Sept-10 08:39:04] [debug] [SeggerBackend] - ---just_select_access_port_register
[2024-Sept-10 08:39:04] [trace] [  JLink] - JLINK_CORESIGHT_ReadAPDPReg(AP reg 0x03)  
[2024-Sept-10 08:39:04] [trace] [  JLink] - Value=0x02880000
[2024-Sept-10 08:39:04] [trace] [  JLink] - - 0.479ms returns 0  
[2024-Sept-10 08:39:04] [trace] [  JLink] - JLINK_HasError()  
[2024-Sept-10 08:39:04] [debug] [SeggerBackend] - read_access_port_register
[2024-Sept-10 08:39:04] [debug] [SeggerBackend] - ---just_read_access_port_register
[2024-Sept-10 08:39:04] [debug] [SeggerBackend] - ---just_select_access_port_register
[2024-Sept-10 08:39:04] [trace] [  JLink] - JLINK_CORESIGHT_ReadAPDPReg(AP reg 0x03)  
[2024-Sept-10 08:39:04] [trace] [  JLink] - Value=0x02880000
[2024-Sept-10 08:39:04] [trace] [  JLink] - - 0.480ms returns 0  
[2024-Sept-10 08:39:04] [trace] [  JLink] - JLINK_HasError()  
[2024-Sept-10 08:39:04] [debug] [SeggerBackend] - write_access_port_register
[2024-Sept-10 08:39:04] [debug] [SeggerBackend] - ---just_write_access_port_register
[2024-Sept-10 08:39:04] [debug] [SeggerBackend] - ---just_select_access_port_register
[2024-Sept-10 08:39:04] [debug] [SeggerBackend] - Select AP 1, DP Bank 0, AP Bank 0
[2024-Sept-10 08:39:04] [trace] [  JLink] - JLINK_CORESIGHT_WriteAPDPReg(DP reg 0x02, 0x01000000)  
[2024-Sept-10 08:39:04] [trace] [  JLink] - - 0.427ms returns 0  
[2024-Sept-10 08:39:04] [trace] [  JLink] - JLINK_HasError()  
[2024-Sept-10 08:39:04] [trace] [  JLink] - JLINK_CORESIGHT_WriteAPDPReg(AP reg 0x01, 0x00000001)  
[2024-Sept-10 08:39:04] [trace] [  JLink] - - 0.433ms returns 0  
[2024-Sept-10 08:39:04] [trace] [  JLink] - JLINK_HasError()  
[2024-Sept-10 08:39:05] [debug] [SeggerBackend] - read_access_port_register
[2024-Sept-10 08:39:05] [debug] [SeggerBackend] - ---just_read_access_port_register
[2024-Sept-10 08:39:05] [debug] [SeggerBackend] - ---just_select_access_port_register
[2024-Sept-10 08:39:05] [trace] [  JLink] - JLINK_CORESIGHT_ReadAPDPReg(AP reg 0x02)  
[2024-Sept-10 08:39:05] [trace] [  JLink] - Value=0x00000001
[2024-Sept-10 08:39:05] [trace] [  JLink] - - 0.529ms returns 0  
[2024-Sept-10 08:39:05] [trace] [  JLink] - JLINK_HasError()  
[2024-Sept-10 08:39:05] [debug] [SeggerBackend] - read_access_port_register
[2024-Sept-10 08:39:05] [debug] [SeggerBackend] - ---just_read_access_port_register
[2024-Sept-10 08:39:05] [debug] [SeggerBackend] - ---just_select_access_port_register
[2024-Sept-10 08:39:05] [trace] [  JLink] - JLINK_CORESIGHT_ReadAPDPReg(AP reg 0x02)  
[2024-Sept-10 08:39:05] [trace] [  JLink] - Value=0x00000000
[2024-Sept-10 08:39:05] [trace] [  JLink] - - 0.522ms returns 0  
[2024-Sept-10 08:39:05] [trace] [  JLink] - JLINK_HasError()  
[2024-Sept-10 08:39:05] [debug] [  nRF52] - Just_debug_reset
[2024-Sept-10 08:39:05] [debug] [  nRF52] - Just_is_ctrl_ap_available
[2024-Sept-10 08:39:05] [debug] [SeggerBackend] - read_access_port_register
[2024-Sept-10 08:39:05] [debug] [SeggerBackend] - ---just_read_access_port_register
[2024-Sept-10 08:39:05] [debug] [SeggerBackend] - ---just_select_access_port_register
[2024-Sept-10 08:39:05] [debug] [SeggerBackend] - Select AP 1, DP Bank 0, AP Bank 15
[2024-Sept-10 08:39:05] [trace] [  JLink] - JLINK_CORESIGHT_WriteAPDPReg(DP reg 0x02, 0x010000F0)  
[2024-Sept-10 08:39:05] [trace] [  JLink] - - 0.496ms returns 0  
[2024-Sept-10 08:39:05] [trace] [  JLink] - JLINK_HasError()  
[2024-Sept-10 08:39:05] [trace] [  JLink] - JLINK_CORESIGHT_ReadAPDPReg(AP reg 0x03)  
[2024-Sept-10 08:39:05] [trace] [  JLink] - Value=0x02880000
[2024-Sept-10 08:39:05] [trace] [  JLink] - - 0.491ms returns 0  
[2024-Sept-10 08:39:05] [trace] [  JLink] - JLINK_HasError()  
[2024-Sept-10 08:39:05] [debug] [SeggerBackend] - read_access_port_register
[2024-Sept-10 08:39:05] [debug] [SeggerBackend] - ---just_read_access_port_register
[2024-Sept-10 08:39:05] [debug] [SeggerBackend] - ---just_select_access_port_register
[2024-Sept-10 08:39:05] [trace] [  JLink] - JLINK_CORESIGHT_ReadAPDPReg(AP reg 0x03)  
[2024-Sept-10 08:39:05] [trace] [  JLink] - Value=0x02880000
[2024-Sept-10 08:39:05] [trace] [  JLink] - - 0.498ms returns 0  
[2024-Sept-10 08:39:05] [trace] [  JLink] - JLINK_HasError()  
[2024-Sept-10 08:39:05] [debug] [SeggerBackend] - read_access_port_register
[2024-Sept-10 08:39:05] [debug] [SeggerBackend] - ---just_read_access_port_register
[2024-Sept-10 08:39:05] [debug] [SeggerBackend] - ---just_select_access_port_register
[2024-Sept-10 08:39:05] [trace] [  JLink] - JLINK_CORESIGHT_ReadAPDPReg(AP reg 0x03)  
[2024-Sept-10 08:39:05] [trace] [  JLink] - Value=0x02880000
[2024-Sept-10 08:39:05] [trace] [  JLink] - - 0.483ms returns 0  
[2024-Sept-10 08:39:05] [trace] [  JLink] - JLINK_HasError()  
[2024-Sept-10 08:39:05] [debug] [SeggerBackend] - read_access_port_register
[2024-Sept-10 08:39:05] [debug] [SeggerBackend] - ---just_read_access_port_register
[2024-Sept-10 08:39:05] [debug] [SeggerBackend] - ---just_select_access_port_register
[2024-Sept-10 08:39:05] [trace] [  JLink] - JLINK_CORESIGHT_ReadAPDPReg(AP reg 0x03)  
[2024-Sept-10 08:39:05] [trace] [  JLink] - Value=0x02880000
[2024-Sept-10 08:39:05] [trace] [  JLink] - - 0.503ms returns 0  
[2024-Sept-10 08:39:05] [trace] [  JLink] - JLINK_HasError()  
[2024-Sept-10 08:39:05] [debug] [SeggerBackend] - write_access_port_register
[2024-Sept-10 08:39:05] [debug] [SeggerBackend] - ---just_write_access_port_register
[2024-Sept-10 08:39:05] [debug] [SeggerBackend] - ---just_select_access_port_register
[2024-Sept-10 08:39:05] [debug] [SeggerBackend] - Select AP 1, DP Bank 0, AP Bank 0
[2024-Sept-10 08:39:05] [trace] [  JLink] - JLINK_CORESIGHT_WriteAPDPReg(DP reg 0x02, 0x01000000)  
[2024-Sept-10 08:39:05] [trace] [  JLink] - - 0.433ms returns 0  
[2024-Sept-10 08:39:05] [trace] [  JLink] - JLINK_HasError()  
[2024-Sept-10 08:39:05] [trace] [  JLink] - JLINK_CORESIGHT_WriteAPDPReg(AP reg 0x00, 0x00000001)  
[2024-Sept-10 08:39:05] [trace] [  JLink] - - 0.439ms returns 0  
[2024-Sept-10 08:39:05] [trace] [  JLink] - JLINK_HasError()  
[2024-Sept-10 08:39:05] [debug] [SeggerBackend] - write_access_port_register
[2024-Sept-10 08:39:05] [debug] [SeggerBackend] - ---just_write_access_port_register
[2024-Sept-10 08:39:05] [debug] [SeggerBackend] - ---just_select_access_port_register
[2024-Sept-10 08:39:05] [trace] [  JLink] - JLINK_CORESIGHT_WriteAPDPReg(AP reg 0x00, 0x00000000)  
[2024-Sept-10 08:39:05] [trace] [  JLink] - - 0.440ms returns 0  
[2024-Sept-10 08:39:05] [trace] [  JLink] - JLINK_HasError()  
[2024-Sept-10 08:39:05] [debug] [SeggerBackend] - write_access_port_register
[2024-Sept-10 08:39:05] [debug] [SeggerBackend] - ---just_write_access_port_register
[2024-Sept-10 08:39:05] [debug] [SeggerBackend] - ---just_select_access_port_register
[2024-Sept-10 08:39:05] [trace] [  JLink] - JLINK_CORESIGHT_WriteAPDPReg(AP reg 0x01, 0x00000000)  
[2024-Sept-10 08:39:05] [trace] [  JLink] - - 0.432ms returns 0  
[2024-Sept-10 08:39:05] [trace] [  JLink] - JLINK_HasError()  
[2024-Sept-10 08:39:05] [debug] [  nRF52] - Just_readback_status
[2024-Sept-10 08:39:05] [debug] [  nRF52] - Just_is_ctrl_ap_available
[2024-Sept-10 08:39:05] [debug] [SeggerBackend] - read_access_port_register
[2024-Sept-10 08:39:05] [debug] [SeggerBackend] - ---just_read_access_port_register
[2024-Sept-10 08:39:05] [debug] [SeggerBackend] - ---just_select_access_port_register
[2024-Sept-10 08:39:05] [debug] [SeggerBackend] - Select AP 1, DP Bank 0, AP Bank 15
[2024-Sept-10 08:39:05] [trace] [  JLink] - JLINK_CORESIGHT_WriteAPDPReg(DP reg 0x02, 0x010000F0)  
[2024-Sept-10 08:39:05] [trace] [  JLink] - - 0.459ms returns 0  
[2024-Sept-10 08:39:05] [trace] [  JLink] - JLINK_HasError()  
[2024-Sept-10 08:39:05] [trace] [  JLink] - JLINK_CORESIGHT_ReadAPDPReg(AP reg 0x03)  
[2024-Sept-10 08:39:05] [trace] [  JLink] - Value=0x02880000
[2024-Sept-10 08:39:05] [trace] [  JLink] - - 0.488ms returns 0  
[2024-Sept-10 08:39:05] [trace] [  JLink] - JLINK_HasError()  
[2024-Sept-10 08:39:05] [debug] [SeggerBackend] - read_access_port_register
[2024-Sept-10 08:39:05] [debug] [SeggerBackend] - ---just_read_access_port_register
[2024-Sept-10 08:39:05] [debug] [SeggerBackend] - ---just_select_access_port_register
[2024-Sept-10 08:39:05] [trace] [  JLink] - JLINK_CORESIGHT_ReadAPDPReg(AP reg 0x03)  
[2024-Sept-10 08:39:05] [trace] [  JLink] - Value=0x02880000
[2024-Sept-10 08:39:05] [trace] [  JLink] - - 0.497ms returns 0  
[2024-Sept-10 08:39:05] [trace] [  JLink] - JLINK_HasError()  
[2024-Sept-10 08:39:05] [debug] [SeggerBackend] - read_access_port_register
[2024-Sept-10 08:39:05] [debug] [SeggerBackend] - ---just_read_access_port_register
[2024-Sept-10 08:39:05] [debug] [SeggerBackend] - ---just_select_access_port_register
[2024-Sept-10 08:39:05] [trace] [  JLink] - JLINK_CORESIGHT_ReadAPDPReg(AP reg 0x03)  
[2024-Sept-10 08:39:05] [trace] [  JLink] - Value=0x02880000
[2024-Sept-10 08:39:05] [trace] [  JLink] - - 0.479ms returns 0  
[2024-Sept-10 08:39:05] [trace] [  JLink] - JLINK_HasError()  
[2024-Sept-10 08:39:05] [debug] [SeggerBackend] - read_access_port_register
[2024-Sept-10 08:39:05] [debug] [SeggerBackend] - ---just_read_access_port_register
[2024-Sept-10 08:39:05] [debug] [SeggerBackend] - ---just_select_access_port_register
[2024-Sept-10 08:39:05] [trace] [  JLink] - JLINK_CORESIGHT_ReadAPDPReg(AP reg 0x03)  
[2024-Sept-10 08:39:05] [trace] [  JLink] - Value=0x02880000
[2024-Sept-10 08:39:05] [trace] [  JLink] - - 0.468ms returns 0  
[2024-Sept-10 08:39:05] [trace] [  JLink] - JLINK_HasError()  
[2024-Sept-10 08:39:05] [debug] [SeggerBackend] - read_access_port_register
[2024-Sept-10 08:39:05] [debug] [SeggerBackend] - ---just_read_access_port_register
[2024-Sept-10 08:39:05] [debug] [SeggerBackend] - ---just_select_access_port_register
[2024-Sept-10 08:39:05] [debug] [SeggerBackend] - Select AP 1, DP Bank 0, AP Bank 0
[2024-Sept-10 08:39:05] [trace] [  JLink] - JLINK_CORESIGHT_WriteAPDPReg(DP reg 0x02, 0x01000000)  
[2024-Sept-10 08:39:05] [trace] [  JLink] - - 0.483ms returns 0  
[2024-Sept-10 08:39:05] [trace] [  JLink] - JLINK_HasError()  
[2024-Sept-10 08:39:05] [trace] [  JLink] - JLINK_CORESIGHT_ReadAPDPReg(AP reg 0x03)  
[2024-Sept-10 08:39:05] [trace] [  JLink] - Value=0x00000001
[2024-Sept-10 08:39:05] [trace] [  JLink] - - 0.506ms returns 0  
[2024-Sept-10 08:39:05] [trace] [  JLink] - JLINK_HasError()  
[2024-Sept-10 08:39:05] [debug] [SeggerBackend] - read_access_port_register
[2024-Sept-10 08:39:05] [debug] [SeggerBackend] - ---just_read_access_port_register
[2024-Sept-10 08:39:05] [debug] [SeggerBackend] - ---just_select_access_port_register
[2024-Sept-10 08:39:05] [trace] [  JLink] - JLINK_CORESIGHT_ReadAPDPReg(AP reg 0x03)  
[2024-Sept-10 08:39:05] [trace] [  JLink] - Value=0x00000001
[2024-Sept-10 08:39:05] [trace] [  JLink] - - 0.484ms returns 0  
[2024-Sept-10 08:39:05] [trace] [  JLink] - JLINK_HasError()  
[2024-Sept-10 08:39:05] [debug] [SeggerBackend] - read_access_port_register
[2024-Sept-10 08:39:05] [debug] [SeggerBackend] - ---just_read_access_port_register
[2024-Sept-10 08:39:05] [debug] [SeggerBackend] - ---just_select_access_port_register
[2024-Sept-10 08:39:05] [trace] [  JLink] - JLINK_CORESIGHT_ReadAPDPReg(AP reg 0x03)  
[2024-Sept-10 08:39:05] [trace] [  JLink] - Value=0x00000001
[2024-Sept-10 08:39:05] [trace] [  JLink] - - 0.498ms returns 0  
[2024-Sept-10 08:39:05] [trace] [  JLink] - JLINK_HasError()  
[2024-Sept-10 08:39:05] [debug] [SeggerBackend] - read_access_port_register
[2024-Sept-10 08:39:05] [debug] [SeggerBackend] - ---just_read_access_port_register
[2024-Sept-10 08:39:05] [debug] [SeggerBackend] - ---just_select_access_port_register
[2024-Sept-10 08:39:05] [trace] [  JLink] - JLINK_CORESIGHT_ReadAPDPReg(AP reg 0x03)  
[2024-Sept-10 08:39:05] [trace] [  JLink] - Value=0x00000001
[2024-Sept-10 08:39:05] [trace] [  JLink] - - 0.479ms returns 0  
[2024-Sept-10 08:39:05] [trace] [  JLink] - JLINK_HasError()  
[2024-Sept-10 08:39:05] [ info] [  nRF52] - Protection status read as NONE
[2024-Sept-10 08:39:05] [debug] [  nRF52] - Just_debug_reset
[2024-Sept-10 08:39:05] [debug] [  nRF52] - Just_is_ctrl_ap_available
[2024-Sept-10 08:39:05] [debug] [SeggerBackend] - read_access_port_register
[2024-Sept-10 08:39:05] [debug] [SeggerBackend] - ---just_read_access_port_register
[2024-Sept-10 08:39:05] [debug] [SeggerBackend] - ---just_select_access_port_register
[2024-Sept-10 08:39:05] [debug] [SeggerBackend] - Select AP 1, DP Bank 0, AP Bank 15
[2024-Sept-10 08:39:05] [trace] [  JLink] - JLINK_CORESIGHT_WriteAPDPReg(DP reg 0x02, 0x010000F0)  
[2024-Sept-10 08:39:05] [trace] [  JLink] - - 0.499ms returns 0  
[2024-Sept-10 08:39:05] [trace] [  JLink] - JLINK_HasError()  
[2024-Sept-10 08:39:05] [trace] [  JLink] - JLINK_CORESIGHT_ReadAPDPReg(AP reg 0x03)  
[2024-Sept-10 08:39:05] [trace] [  JLink] - Value=0x02880000
[2024-Sept-10 08:39:05] [trace] [  JLink] - - 0.485ms returns 0  
[2024-Sept-10 08:39:05] [trace] [  JLink] - JLINK_HasError()  
[2024-Sept-10 08:39:05] [debug] [SeggerBackend] - read_access_port_register
[2024-Sept-10 08:39:05] [debug] [SeggerBackend] - ---just_read_access_port_register
[2024-Sept-10 08:39:05] [debug] [SeggerBackend] - ---just_select_access_port_register
[2024-Sept-10 08:39:05] [trace] [  JLink] - JLINK_CORESIGHT_ReadAPDPReg(AP reg 0x03)  
[2024-Sept-10 08:39:05] [trace] [  JLink] - Value=0x02880000
[2024-Sept-10 08:39:05] [trace] [  JLink] - - 0.503ms returns 0  
[2024-Sept-10 08:39:05] [trace] [  JLink] - JLINK_HasError()  
[2024-Sept-10 08:39:05] [debug] [SeggerBackend] - read_access_port_register
[2024-Sept-10 08:39:05] [debug] [SeggerBackend] - ---just_read_access_port_register
[2024-Sept-10 08:39:05] [debug] [SeggerBackend] - ---just_select_access_port_register
[2024-Sept-10 08:39:05] [trace] [  JLink] - JLINK_CORESIGHT_ReadAPDPReg(AP reg 0x03)  
[2024-Sept-10 08:39:05] [trace] [  JLink] - Value=0x02880000
[2024-Sept-10 08:39:05] [trace] [  JLink] - - 0.478ms returns 0  
[2024-Sept-10 08:39:05] [trace] [  JLink] - JLINK_HasError()  
[2024-Sept-10 08:39:05] [debug] [SeggerBackend] - read_access_port_register
[2024-Sept-10 08:39:05] [debug] [SeggerBackend] - ---just_read_access_port_register
[2024-Sept-10 08:39:05] [debug] [SeggerBackend] - ---just_select_access_port_register
[2024-Sept-10 08:39:05] [trace] [  JLink] - JLINK_CORESIGHT_ReadAPDPReg(AP reg 0x03)  
[2024-Sept-10 08:39:05] [trace] [  JLink] - Value=0x02880000
[2024-Sept-10 08:39:05] [trace] [  JLink] - - 0.504ms returns 0  
[2024-Sept-10 08:39:05] [trace] [  JLink] - JLINK_HasError()  
[2024-Sept-10 08:39:05] [debug] [SeggerBackend] - write_access_port_register
[2024-Sept-10 08:39:05] [debug] [SeggerBackend] - ---just_write_access_port_register
[2024-Sept-10 08:39:05] [debug] [SeggerBackend] - ---just_select_access_port_register
[2024-Sept-10 08:39:05] [debug] [SeggerBackend] - Select AP 1, DP Bank 0, AP Bank 0
[2024-Sept-10 08:39:05] [trace] [  JLink] - JLINK_CORESIGHT_WriteAPDPReg(DP reg 0x02, 0x01000000)  
[2024-Sept-10 08:39:05] [trace] [  JLink] - - 0.426ms returns 0  
[2024-Sept-10 08:39:05] [trace] [  JLink] - JLINK_HasError()  
[2024-Sept-10 08:39:05] [trace] [  JLink] - JLINK_CORESIGHT_WriteAPDPReg(AP reg 0x00, 0x00000001)  
[2024-Sept-10 08:39:05] [trace] [  JLink] - - 0.436ms returns 0  
[2024-Sept-10 08:39:05] [trace] [  JLink] - JLINK_HasError()  
[2024-Sept-10 08:39:05] [debug] [SeggerBackend] - write_access_port_register
[2024-Sept-10 08:39:05] [debug] [SeggerBackend] - ---just_write_access_port_register
[2024-Sept-10 08:39:05] [debug] [SeggerBackend] - ---just_select_access_port_register
[2024-Sept-10 08:39:05] [trace] [  JLink] - JLINK_CORESIGHT_WriteAPDPReg(AP reg 0x00, 0x00000000)  
[2024-Sept-10 08:39:05] [trace] [  JLink] - - 0.489ms returns 0  
[2024-Sept-10 08:39:05] [trace] [  JLink] - JLINK_HasError()  
[2024-Sept-10 08:39:05] [debug] [  nRF52] - Just_read_device_version
[2024-Sept-10 08:39:05] [debug] [  nRF52] - Just_readback_status
[2024-Sept-10 08:39:05] [debug] [  nRF52] - Just_is_ctrl_ap_available
[2024-Sept-10 08:39:05] [debug] [SeggerBackend] - read_access_port_register
[2024-Sept-10 08:39:05] [debug] [SeggerBackend] - ---just_read_access_port_register
[2024-Sept-10 08:39:05] [debug] [SeggerBackend] - ---just_select_access_port_register
[2024-Sept-10 08:39:05] [debug] [SeggerBackend] - Select AP 1, DP Bank 0, AP Bank 15
[2024-Sept-10 08:39:05] [trace] [  JLink] - JLINK_CORESIGHT_WriteAPDPReg(DP reg 0x02, 0x010000F0)  
[2024-Sept-10 08:39:05] [trace] [  JLink] - - 0.486ms returns 0  
[2024-Sept-10 08:39:05] [trace] [  JLink] - JLINK_HasError()  
[2024-Sept-10 08:39:05] [trace] [  JLink] - JLINK_CORESIGHT_ReadAPDPReg(AP reg 0x03)  
[2024-Sept-10 08:39:05] [trace] [  JLink] - Value=0x02880000
[2024-Sept-10 08:39:05] [trace] [  JLink] - - 0.484ms returns 0  
[2024-Sept-10 08:39:05] [trace] [  JLink] - JLINK_HasError()  
[2024-Sept-10 08:39:05] [debug] [SeggerBackend] - read_access_port_register
[2024-Sept-10 08:39:05] [debug] [SeggerBackend] - ---just_read_access_port_register
[2024-Sept-10 08:39:05] [debug] [SeggerBackend] - ---just_select_access_port_register
[2024-Sept-10 08:39:05] [trace] [  JLink] - JLINK_CORESIGHT_ReadAPDPReg(AP reg 0x03)  
[2024-Sept-10 08:39:05] [trace] [  JLink] - Value=0x02880000
[2024-Sept-10 08:39:05] [trace] [  JLink] - - 0.497ms returns 0  
[2024-Sept-10 08:39:05] [trace] [  JLink] - JLINK_HasError()  
[2024-Sept-10 08:39:05] [debug] [SeggerBackend] - read_access_port_register
[2024-Sept-10 08:39:05] [debug] [SeggerBackend] - ---just_read_access_port_register
[2024-Sept-10 08:39:05] [debug] [SeggerBackend] - ---just_select_access_port_register
[2024-Sept-10 08:39:05] [trace] [  JLink] - JLINK_CORESIGHT_ReadAPDPReg(AP reg 0x03)  
[2024-Sept-10 08:39:05] [trace] [  JLink] - Value=0x02880000
[2024-Sept-10 08:39:05] [trace] [  JLink] - - 0.446ms returns 0  
[2024-Sept-10 08:39:05] [trace] [  JLink] - JLINK_HasError()  
[2024-Sept-10 08:39:05] [debug] [SeggerBackend] - read_access_port_register
[2024-Sept-10 08:39:05] [debug] [SeggerBackend] - ---just_read_access_port_register
[2024-Sept-10 08:39:05] [debug] [SeggerBackend] - ---just_select_access_port_register
[2024-Sept-10 08:39:05] [trace] [  JLink] - JLINK_CORESIGHT_ReadAPDPReg(AP reg 0x03)  
[2024-Sept-10 08:39:05] [trace] [  JLink] - Value=0x02880000
[2024-Sept-10 08:39:05] [trace] [  JLink] - - 0.476ms returns 0  
[2024-Sept-10 08:39:05] [trace] [  JLink] - JLINK_HasError()  
[2024-Sept-10 08:39:05] [debug] [SeggerBackend] - read_access_port_register
[2024-Sept-10 08:39:05] [debug] [SeggerBackend] - ---just_read_access_port_register
[2024-Sept-10 08:39:05] [debug] [SeggerBackend] - ---just_select_access_port_register
[2024-Sept-10 08:39:05] [debug] [SeggerBackend] - Select AP 1, DP Bank 0, AP Bank 0
[2024-Sept-10 08:39:05] [trace] [  JLink] - JLINK_CORESIGHT_WriteAPDPReg(DP reg 0x02, 0x01000000)  
[2024-Sept-10 08:39:05] [trace] [  JLink] - - 0.426ms returns 0  
[2024-Sept-10 08:39:05] [trace] [  JLink] - JLINK_HasError()  
[2024-Sept-10 08:39:05] [trace] [  JLink] - JLINK_CORESIGHT_ReadAPDPReg(AP reg 0x03)  
[2024-Sept-10 08:39:05] [trace] [  JLink] - Value=0x00000001
[2024-Sept-10 08:39:05] [trace] [  JLink] - - 0.478ms returns 0  
[2024-Sept-10 08:39:05] [trace] [  JLink] - JLINK_HasError()  
[2024-Sept-10 08:39:05] [debug] [SeggerBackend] - read_access_port_register
[2024-Sept-10 08:39:05] [debug] [SeggerBackend] - ---just_read_access_port_register
[2024-Sept-10 08:39:05] [debug] [SeggerBackend] - ---just_select_access_port_register
[2024-Sept-10 08:39:05] [trace] [  JLink] - JLINK_CORESIGHT_ReadAPDPReg(AP reg 0x03)  
[2024-Sept-10 08:39:05] [trace] [  JLink] - Value=0x00000001
[2024-Sept-10 08:39:05] [trace] [  JLink] - - 0.488ms returns 0  
[2024-Sept-10 08:39:05] [trace] [  JLink] - JLINK_HasError()  
[2024-Sept-10 08:39:05] [debug] [SeggerBackend] - read_access_port_register
[2024-Sept-10 08:39:05] [debug] [SeggerBackend] - ---just_read_access_port_register
[2024-Sept-10 08:39:05] [debug] [SeggerBackend] - ---just_select_access_port_register
[2024-Sept-10 08:39:05] [trace] [  JLink] - JLINK_CORESIGHT_ReadAPDPReg(AP reg 0x03)  
[2024-Sept-10 08:39:05] [trace] [  JLink] - Value=0x00000001
[2024-Sept-10 08:39:05] [trace] [  JLink] - - 0.476ms returns 0  
[2024-Sept-10 08:39:05] [trace] [  JLink] - JLINK_HasError()  
[2024-Sept-10 08:39:05] [debug] [SeggerBackend] - read_access_port_register
[2024-Sept-10 08:39:05] [debug] [SeggerBackend] - ---just_read_access_port_register
[2024-Sept-10 08:39:05] [debug] [SeggerBackend] - ---just_select_access_port_register
[2024-Sept-10 08:39:05] [trace] [  JLink] - JLINK_CORESIGHT_ReadAPDPReg(AP reg 0x03)  
[2024-Sept-10 08:39:05] [trace] [  JLink] - Value=0x00000001
[2024-Sept-10 08:39:05] [trace] [  JLink] - - 0.472ms returns 0  
[2024-Sept-10 08:39:05] [trace] [  JLink] - JLINK_HasError()  
[2024-Sept-10 08:39:05] [ info] [  nRF52] - Protection status read as NONE
[2024-Sept-10 08:39:05] [debug] [SeggerBackend] - read_u32
[2024-Sept-10 08:39:05] [debug] [SeggerBackend] - ---just_connect_to_device
[2024-Sept-10 08:39:05] [debug] [SeggerBackend] - is_connected_to_device
[2024-Sept-10 08:39:05] [trace] [  JLink] - JLINK_IsConnected()  
[2024-Sept-10 08:39:05] [trace] [  JLink] - - 0.002ms returns FALSE  
[2024-Sept-10 08:39:05] [trace] [  JLink] - JLINK_HasError()  
[2024-Sept-10 08:39:05] [debug] [SeggerBackend] - ---set_coresight_ahb_ap_index
[2024-Sept-10 08:39:05] [trace] [  JLink] - JLINK_ExecCommand("CORESIGHT_SetIndexAHBAPToUse = 0", ...).   
[2024-Sept-10 08:39:05] [trace] [  JLink] - - 0.002ms returns 0x00  
[2024-Sept-10 08:39:05] [trace] [  JLink] - JLINK_HasError()  
[2024-Sept-10 08:39:05] [trace] [  JLink] - JLINK_ExecCommand("device = nRF52", ...).   
[2024-Sept-10 08:39:05] [trace] [  JLink] - Device "NRF52" selected.
[2024-Sept-10 08:39:05] [trace] [  JLink] - Device "NRF52" selected.
[2024-Sept-10 08:39:05] [trace] [  JLink] - - 0.729ms returns 0x00  
[2024-Sept-10 08:39:05] [trace] [  JLink] - JLINK_HasError()  
[2024-Sept-10 08:39:05] [trace] [  JLink] - JLINK_Connect()  
[2024-Sept-10 08:39:05] [trace] [  JLink] - InitTarget() start
[2024-Sept-10 08:39:05] [trace] [  JLink] - InitTarget() start
[2024-Sept-10 08:39:05] [trace] [  JLink] -  J-Link Script File: Executing InitTarget() 
[2024-Sept-10 08:39:05] [trace] [  JLink] - InitTarget() end - Took 3.89ms
[2024-Sept-10 08:39:05] [trace] [  JLink] - InitTarget() end - Took 3.89ms
[2024-Sept-10 08:39:05] [trace] [  JLink] - Found SW-DP with ID 0x2BA01477
[2024-Sept-10 08:39:05] [trace] [  JLink] - Found SW-DP with ID 0x2BA01477
[2024-Sept-10 08:39:05] [trace] [  JLink] - DPIDR: 0x2BA01477
[2024-Sept-10 08:39:05] [trace] [  JLink] - DPIDR: 0x2BA01477
[2024-Sept-10 08:39:05] [trace] [  JLink] - CoreSight SoC-400 or earlier
[2024-Sept-10 08:39:05] [trace] [  JLink] - CoreSight SoC-400 or earlier
[2024-Sept-10 08:39:05] [trace] [  JLink] - AP map detection skipped. Manually configured AP map found.
[2024-Sept-10 08:39:05] [trace] [  JLink] - AP map detection skipped. Manually configured AP map found.
[2024-Sept-10 08:39:05] [trace] [  JLink] - AP[0]: AHB-AP (IDR: Not set)
[2024-Sept-10 08:39:05] [trace] [  JLink] - AP[0]: AHB-AP (IDR: Not set)
[2024-Sept-10 08:39:05] [trace] [  JLink] - AP[0]: Core found
[2024-Sept-10 08:39:05] [trace] [  JLink] - AP[0]: Core found
[2024-Sept-10 08:39:05] [trace] [  JLink] - AP[0]: AHB-AP ROM base: 0xE00FF000
[2024-Sept-10 08:39:05] [trace] [  JLink] - AP[0]: AHB-AP ROM base: 0xE00FF000
[2024-Sept-10 08:39:05] [trace] [  JLink] - CPUID register: 0x410FC241. Implementer code: 0x41 (ARM)
[2024-Sept-10 08:39:05] [trace] [  JLink] - CPUID register: 0x410FC241. Implementer code: 0x41 (ARM)
[2024-Sept-10 08:39:05] [trace] [  JLink] - Found Cortex-M4 r0p1, Little endian.
[2024-Sept-10 08:39:05] [trace] [  JLink] - Found Cortex-M4 r0p1, Little endian.
[2024-Sept-10 08:39:05] [trace] [  JLink] - -- Max. mem block: 0x0003C658
[2024-Sept-10 08:39:05] [trace] [  JLink] - CPU_ReadMem(4 bytes @ 0xE000EDF0)
[2024-Sept-10 08:39:05] [trace] [  JLink] - CPU_ReadMem(4 bytes @ 0xE0002000)
[2024-Sept-10 08:39:05] [trace] [  JLink] - FPUnit: 6 code (BP) slots and 2 literal slots
[2024-Sept-10 08:39:05] [trace] [  JLink] - FPUnit: 6 code (BP) slots and 2 literal slots
[2024-Sept-10 08:39:05] [trace] [  JLink] - CPU_ReadMem(4 bytes @ 0xE000EDFC)
[2024-Sept-10 08:39:05] [trace] [  JLink] - CPU_WriteMem(4 bytes @ 0xE000EDFC)
[2024-Sept-10 08:39:05] [trace] [  JLink] - CPU_ReadMem(4 bytes @ 0xE0001000)
[2024-Sept-10 08:39:05] [trace] [  JLink] - CPU_WriteMem(4 bytes @ 0xE0001000)
[2024-Sept-10 08:39:05] [trace] [  JLink] - CPU_ReadMem(4 bytes @ 0xE000ED88)
[2024-Sept-10 08:39:05] [trace] [  JLink] - CPU_WriteMem(4 bytes @ 0xE000ED88)
[2024-Sept-10 08:39:05] [trace] [  JLink] - CPU_ReadMem(4 bytes @ 0xE000ED88)
[2024-Sept-10 08:39:05] [trace] [  JLink] - CPU_WriteMem(4 bytes @ 0xE000ED88)
[2024-Sept-10 08:39:05] [trace] [  JLink] - CoreSight components:
[2024-Sept-10 08:39:05] [trace] [  JLink] - CoreSight components:
[2024-Sept-10 08:39:05] [trace] [  JLink] - ROMTbl[0] @ E00FF000
[2024-Sept-10 08:39:05] [trace] [  JLink] - ROMTbl[0] @ E00FF000
[2024-Sept-10 08:39:05] [trace] [  JLink] - CPU_ReadMem(64 bytes @ 0xE00FF000)
[2024-Sept-10 08:39:05] [trace] [  JLink] - CPU_ReadMem(32 bytes @ 0xE000EFE0)
[2024-Sept-10 08:39:05] [trace] [  JLink] - [0][0]: E000E000 CID B105E00D PID 000BB00C SCS-M7
[2024-Sept-10 08:39:05] [trace] [  JLink] - [0][0]: E000E000 CID B105E00D PID 000BB00C SCS-M7
[2024-Sept-10 08:39:05] [trace] [  JLink] - CPU_ReadMem(32 bytes @ 0xE0001FE0)
[2024-Sept-10 08:39:05] [trace] [  JLink] - [0][1]: E0001000 CID B105E00D PID 003BB002 DWT
[2024-Sept-10 08:39:05] [trace] [  JLink] - [0][1]: E0001000 CID B105E00D PID 003BB002 DWT
[2024-Sept-10 08:39:05] [trace] [  JLink] - CPU_ReadMem(32 bytes @ 0xE0002FE0)
[2024-Sept-10 08:39:05] [trace] [  JLink] - [0][2]: E0002000 CID B105E00D PID 002BB003 FPB
[2024-Sept-10 08:39:05] [trace] [  JLink] - [0][2]: E0002000 CID B105E00D PID 002BB003 FPB
[2024-Sept-10 08:39:05] [trace] [  JLink] - CPU_ReadMem(32 bytes @ 0xE0000FE0)
[2024-Sept-10 08:39:05] [trace] [  JLink] - [0][3]: E0000000 CID B105E00D PID 003BB001 ITM
[2024-Sept-10 08:39:05] [trace] [  JLink] - [0][3]: E0000000 CID B105E00D PID 003BB001 ITM
[2024-Sept-10 08:39:05] [trace] [  JLink] - CPU_ReadMem(32 bytes @ 0xE0040FE0)
[2024-Sept-10 08:39:05] [trace] [  JLink] - [0][4]: E0040000 CID B105900D PID 000BB9A1 TPIU
[2024-Sept-10 08:39:05] [trace] [  JLink] - [0][4]: E0040000 CID B105900D PID 000BB9A1 TPIU
[2024-Sept-10 08:39:05] [trace] [  JLink] - CPU_ReadMem(32 bytes @ 0xE0041FE0)
[2024-Sept-10 08:39:05] [trace] [  JLink] - [0][5]: E0041000 CID B105900D PID 000BB925 ETM
[2024-Sept-10 08:39:05] [trace] [  JLink] - [0][5]: E0041000 CID B105900D PID 000BB925 ETM
[2024-Sept-10 08:39:05] [trace] [  JLink] - - 23.977ms returns 0x00  
[2024-Sept-10 08:39:05] [trace] [  JLink] - JLINK_HasError()  
[2024-Sept-10 08:39:05] [trace] [  JLink] - JLINK_CORE_GetFound()  
[2024-Sept-10 08:39:05] [trace] [  JLink] - - 0.003ms returns 0xE0000FF  
[2024-Sept-10 08:39:05] [debug] [SeggerBackend] - ---just_read_u32
[2024-Sept-10 08:39:05] [debug] [SeggerBackend] - ---just_invalidate_cache
[2024-Sept-10 08:39:05] [trace] [  JLink] - JLINK_ExecCommand("InvalidateCache", ...).   
[2024-Sept-10 08:39:05] [trace] [  JLink] - - 0.007ms returns 0x00  
[2024-Sept-10 08:39:05] [trace] [  JLink] - JLINK_HasError()  
[2024-Sept-10 08:39:05] [trace] [  JLink] - JLINK_ReadMemU32(0x10000130, 0x1 Items)  
[2024-Sept-10 08:39:05] [trace] [  JLink] - CPU_ReadMem(4 bytes @ 0x10000130)
[2024-Sept-10 08:39:05] [trace] [  JLink] - Data:  06 00 00 00
[2024-Sept-10 08:39:05] [trace] [  JLink] - - 0.578ms returns 1 (0x1)  
[2024-Sept-10 08:39:05] [trace] [  JLink] - JLINK_HasError()  
[2024-Sept-10 08:39:05] [debug] [SeggerBackend] - read_u32
[2024-Sept-10 08:39:05] [debug] [SeggerBackend] - ---just_connect_to_device
[2024-Sept-10 08:39:05] [debug] [SeggerBackend] - is_connected_to_device
[2024-Sept-10 08:39:05] [debug] [SeggerBackend] - ---just_read_u32
[2024-Sept-10 08:39:05] [debug] [SeggerBackend] - ---just_invalidate_cache
[2024-Sept-10 08:39:05] [trace] [  JLink] - JLINK_ExecCommand("InvalidateCache", ...).   
[2024-Sept-10 08:39:05] [trace] [  JLink] - - 0.000ms returns 0x00  
[2024-Sept-10 08:39:05] [trace] [  JLink] - JLINK_HasError()  
[2024-Sept-10 08:39:05] [trace] [  JLink] - JLINK_ReadMemU32(0x10000134, 0x1 Items)  
[2024-Sept-10 08:39:05] [trace] [  JLink] - CPU_ReadMem(4 bytes @ 0x10000134)
[2024-Sept-10 08:39:05] [trace] [  JLink] - Data:  07 00 00 00
[2024-Sept-10 08:39:05] [trace] [  JLink] - - 0.570ms returns 1 (0x1)  
[2024-Sept-10 08:39:05] [trace] [  JLink] - JLINK_HasError()  
[2024-Sept-10 08:39:05] [debug] [  nRF52] - Just_decode_device_version
[2024-Sept-10 08:39:05] [debug] [SeggerBackend] - read_u32
[2024-Sept-10 08:39:05] [debug] [SeggerBackend] - ---just_connect_to_device
[2024-Sept-10 08:39:05] [debug] [SeggerBackend] - is_connected_to_device
[2024-Sept-10 08:39:05] [debug] [SeggerBackend] - ---just_read_u32
[2024-Sept-10 08:39:05] [debug] [SeggerBackend] - ---just_invalidate_cache
[2024-Sept-10 08:39:05] [trace] [  JLink] - JLINK_ExecCommand("InvalidateCache", ...).   
[2024-Sept-10 08:39:05] [trace] [  JLink] - - 0.001ms returns 0x00  
[2024-Sept-10 08:39:05] [trace] [  JLink] - JLINK_HasError()  
[2024-Sept-10 08:39:05] [trace] [  JLink] - JLINK_ReadMemU32(0x10000110, 0x1 Items)  
[2024-Sept-10 08:39:05] [trace] [  JLink] - CPU_ReadMem(4 bytes @ 0x10000110)
[2024-Sept-10 08:39:05] [trace] [  JLink] - Data:  00 02 00 00
[2024-Sept-10 08:39:05] [trace] [  JLink] - - 0.547ms returns 1 (0x1)  
[2024-Sept-10 08:39:05] [trace] [  JLink] - JLINK_HasError()  
[2024-Sept-10 08:39:05] [debug] [  nRF52] - Device identified as NRF52832_xxAA_REV3
[2024-Sept-10 08:39:05] [debug] [  nRF52] - write_approtect
[2024-Sept-10 08:39:05] [ info] [  nRF52] - Restoring UICR values to keep device unprotected.
[2024-Sept-10 08:39:05] [debug] [  nRF52] - Just_read_u32
[2024-Sept-10 08:39:05] [debug] [SeggerBackend] - read_u32
[2024-Sept-10 08:39:05] [debug] [SeggerBackend] - ---just_connect_to_device
[2024-Sept-10 08:39:05] [debug] [SeggerBackend] - is_connected_to_device
[2024-Sept-10 08:39:05] [debug] [SeggerBackend] - ---just_halt
[2024-Sept-10 08:39:05] [trace] [  JLink] - JLINK_Halt()  
[2024-Sept-10 08:39:05] [trace] [  JLink] - - 3.801ms returns 0x00  
[2024-Sept-10 08:39:05] [trace] [  JLink] - JLINK_HasError()  
[2024-Sept-10 08:39:05] [debug] [SeggerBackend] - ---just_read_u32
[2024-Sept-10 08:39:05] [debug] [SeggerBackend] - ---just_invalidate_cache
[2024-Sept-10 08:39:05] [trace] [  JLink] - JLINK_ExecCommand("InvalidateCache", ...).   
[2024-Sept-10 08:39:05] [trace] [  JLink] - - 0.000ms returns 0x00  
[2024-Sept-10 08:39:05] [trace] [  JLink] - JLINK_HasError()  
[2024-Sept-10 08:39:05] [trace] [  JLink] - JLINK_ReadMemU32(0x10001208, 0x1 Items)  
[2024-Sept-10 08:39:05] [trace] [  JLink] - CPU_ReadMem(64 bytes @ 0x10001200)
[2024-Sept-10 08:39:05] [trace] [  JLink] -  -- Updating C cache (64 bytes @ 0x10001200)
[2024-Sept-10 08:39:05] [trace] [  JLink] -  -- Read from C cache (4 bytes @ 0x10001208)
[2024-Sept-10 08:39:05] [trace] [  JLink] - Data:  FF FF FF FF
[2024-Sept-10 08:39:05] [trace] [  JLink] - - 1.026ms returns 1 (0x1)  
[2024-Sept-10 08:39:05] [trace] [  JLink] - JLINK_HasError()  
[2024-Sept-10 08:39:05] [debug] [  nRF52] - Just_write_u32
[2024-Sept-10 08:39:05] [debug] [SeggerBackend] - write_u32
[2024-Sept-10 08:39:05] [debug] [SeggerBackend] - ---just_connect_to_device
[2024-Sept-10 08:39:05] [debug] [SeggerBackend] - is_connected_to_device
[2024-Sept-10 08:39:05] [debug] [SeggerBackend] - ---just_halt
[2024-Sept-10 08:39:05] [trace] [  JLink] - JLINK_Halt()  
[2024-Sept-10 08:39:05] [trace] [  JLink] - - 0.576ms returns 0x00  
[2024-Sept-10 08:39:05] [trace] [  JLink] - JLINK_HasError()  
[2024-Sept-10 08:39:05] [debug] [SeggerBackend] - ---just_write_u32
[2024-Sept-10 08:39:05] [debug] [SeggerBackend] - ---just_write_debug_port_register
[2024-Sept-10 08:39:05] [debug] [SeggerBackend] - ---just_select_debug_port_register
[2024-Sept-10 08:39:05] [debug] [SeggerBackend] - Select AP 255, DP Bank 0, AP Bank 255
[2024-Sept-10 08:39:05] [trace] [  JLink] - JLINK_CORESIGHT_WriteAPDPReg(DP reg 0x02, 0x00000000)  
[2024-Sept-10 08:39:05] [trace] [  JLink] - - 0.430ms returns 0  
[2024-Sept-10 08:39:05] [trace] [  JLink] - JLINK_HasError()  
[2024-Sept-10 08:39:05] [trace] [  JLink] - JLINK_CORESIGHT_WriteAPDPReg(DP reg 0x02, 0x00000000)  
[2024-Sept-10 08:39:05] [trace] [  JLink] - - 0.440ms returns 0  
[2024-Sept-10 08:39:05] [trace] [  JLink] - JLINK_HasError()  
[2024-Sept-10 08:39:05] [debug] [  nRF52] - Just_nvmc_config_control
[2024-Sept-10 08:39:05] [debug] [SeggerBackend] - write_u32
[2024-Sept-10 08:39:05] [debug] [SeggerBackend] - ---just_connect_to_device
[2024-Sept-10 08:39:05] [debug] [SeggerBackend] - is_connected_to_device
[2024-Sept-10 08:39:05] [debug] [SeggerBackend] - ---just_write_u32
[2024-Sept-10 08:39:05] [debug] [SeggerBackend] - ---just_write_debug_port_register
[2024-Sept-10 08:39:05] [debug] [SeggerBackend] - ---just_select_debug_port_register
[2024-Sept-10 08:39:05] [debug] [SeggerBackend] - Select AP 255, DP Bank 0, AP Bank 255
[2024-Sept-10 08:39:05] [trace] [  JLink] - JLINK_CORESIGHT_WriteAPDPReg(DP reg 0x02, 0x00000000)  
[2024-Sept-10 08:39:05] [trace] [  JLink] - - 0.429ms returns 0  
[2024-Sept-10 08:39:05] [trace] [  JLink] - JLINK_HasError()  
[2024-Sept-10 08:39:05] [trace] [  JLink] - JLINK_CORESIGHT_WriteAPDPReg(DP reg 0x02, 0x00000000)  
[2024-Sept-10 08:39:05] [trace] [  JLink] - - 0.428ms returns 0  
[2024-Sept-10 08:39:05] [trace] [  JLink] - JLINK_HasError()  
[2024-Sept-10 08:39:05] [trace] [  JLink] - JLINK_WriteU32_64(0x4001E504, 0x00000001)  
[2024-Sept-10 08:39:05] [trace] [  JLink] - CPU_WriteMem(4 bytes @ 0x4001E504)
[2024-Sept-10 08:39:05] [trace] [  JLink] - - 0.793ms returns 0 (0x00000000)  
[2024-Sept-10 08:39:05] [trace] [  JLink] - JLINK_HasError()  
[2024-Sept-10 08:39:05] [debug] [  nRF52] - Just_nvmc_wait_for_ready
[2024-Sept-10 08:39:05] [debug] [SeggerBackend] - read_u32
[2024-Sept-10 08:39:05] [debug] [SeggerBackend] - ---just_connect_to_device
[2024-Sept-10 08:39:05] [debug] [SeggerBackend] - is_connected_to_device
[2024-Sept-10 08:39:05] [debug] [SeggerBackend] - ---just_read_u32
[2024-Sept-10 08:39:05] [debug] [SeggerBackend] - ---just_invalidate_cache
[2024-Sept-10 08:39:05] [trace] [  JLink] - JLINK_ExecCommand("InvalidateCache", ...).   
[2024-Sept-10 08:39:05] [trace] [  JLink] - - 0.003ms returns 0x00  
[2024-Sept-10 08:39:05] [trace] [  JLink] - JLINK_HasError()  
[2024-Sept-10 08:39:05] [trace] [  JLink] - JLINK_ReadMemU32(0x4001E400, 0x1 Items)  
[2024-Sept-10 08:39:05] [trace] [  JLink] - CPU_ReadMem(4 bytes @ 0x4001E400)
[2024-Sept-10 08:39:05] [trace] [  JLink] - Data:  01 00 00 00
[2024-Sept-10 08:39:05] [trace] [  JLink] - - 0.572ms returns 1 (0x1)  
[2024-Sept-10 08:39:05] [trace] [  JLink] - JLINK_HasError()  
[2024-Sept-10 08:39:05] [trace] [  JLink] - JLINK_WriteU32_64(0x10001208, 0x0000005A)  
[2024-Sept-10 08:39:05] [trace] [  JLink] - CPU_WriteMem(4 bytes @ 0x10001208)
[2024-Sept-10 08:39:05] [trace] [  JLink] - - 0.848ms returns 0 (0x00000000)  
[2024-Sept-10 08:39:05] [trace] [  JLink] - JLINK_HasError()  
[2024-Sept-10 08:39:05] [debug] [  nRF52] - Just_nvmc_wait_for_ready
[2024-Sept-10 08:39:05] [debug] [SeggerBackend] - read_u32
[2024-Sept-10 08:39:05] [debug] [SeggerBackend] - ---just_connect_to_device
[2024-Sept-10 08:39:05] [debug] [SeggerBackend] - is_connected_to_device
[2024-Sept-10 08:39:05] [debug] [SeggerBackend] - ---just_read_u32
[2024-Sept-10 08:39:05] [debug] [SeggerBackend] - ---just_invalidate_cache
[2024-Sept-10 08:39:05] [trace] [  JLink] - JLINK_ExecCommand("InvalidateCache", ...).   
[2024-Sept-10 08:39:05] [trace] [  JLink] - - 0.002ms returns 0x00  
[2024-Sept-10 08:39:05] [trace] [  JLink] - JLINK_HasError()  
[2024-Sept-10 08:39:05] [trace] [  JLink] - JLINK_ReadMemU32(0x4001E400, 0x1 Items)  
[2024-Sept-10 08:39:05] [trace] [  JLink] - CPU_ReadMem(4 bytes @ 0x4001E400)
[2024-Sept-10 08:39:05] [trace] [  JLink] - Data:  01 00 00 00
[2024-Sept-10 08:39:05] [trace] [  JLink] - - 0.588ms returns 1 (0x1)  
[2024-Sept-10 08:39:05] [trace] [  JLink] - JLINK_HasError()  
[2024-Sept-10 08:39:05] [debug] [  nRF52] - Just_nvmc_config_control
[2024-Sept-10 08:39:05] [debug] [SeggerBackend] - write_u32
[2024-Sept-10 08:39:05] [debug] [SeggerBackend] - ---just_connect_to_device
[2024-Sept-10 08:39:05] [debug] [SeggerBackend] - is_connected_to_device
[2024-Sept-10 08:39:05] [debug] [SeggerBackend] - ---just_write_u32
[2024-Sept-10 08:39:05] [debug] [SeggerBackend] - ---just_write_debug_port_register
[2024-Sept-10 08:39:05] [debug] [SeggerBackend] - ---just_select_debug_port_register
[2024-Sept-10 08:39:05] [debug] [SeggerBackend] - Select AP 255, DP Bank 0, AP Bank 255
[2024-Sept-10 08:39:05] [trace] [  JLink] - JLINK_CORESIGHT_WriteAPDPReg(DP reg 0x02, 0x00000000)  
[2024-Sept-10 08:39:05] [trace] [  JLink] - - 0.478ms returns 0  
[2024-Sept-10 08:39:05] [trace] [  JLink] - JLINK_HasError()  
[2024-Sept-10 08:39:05] [trace] [  JLink] - JLINK_CORESIGHT_WriteAPDPReg(DP reg 0x02, 0x00000000)  
[2024-Sept-10 08:39:05] [trace] [  JLink] - - 0.459ms returns 0  
[2024-Sept-10 08:39:05] [trace] [  JLink] - JLINK_HasError()  
[2024-Sept-10 08:39:05] [trace] [  JLink] - JLINK_WriteU32_64(0x4001E504, 0x00000000)  
[2024-Sept-10 08:39:05] [trace] [  JLink] - CPU_WriteMem(4 bytes @ 0x4001E504)
[2024-Sept-10 08:39:05] [trace] [  JLink] - - 0.595ms returns 0 (0x00000000)  
[2024-Sept-10 08:39:05] [trace] [  JLink] - JLINK_HasError()  
[2024-Sept-10 08:39:05] [debug] [  nRF52] - Just_nvmc_wait_for_ready
[2024-Sept-10 08:39:05] [debug] [SeggerBackend] - read_u32
[2024-Sept-10 08:39:05] [debug] [SeggerBackend] - ---just_connect_to_device
[2024-Sept-10 08:39:05] [debug] [SeggerBackend] - is_connected_to_device
[2024-Sept-10 08:39:05] [debug] [SeggerBackend] - ---just_read_u32
[2024-Sept-10 08:39:05] [debug] [SeggerBackend] - ---just_invalidate_cache
[2024-Sept-10 08:39:05] [trace] [  JLink] - JLINK_ExecCommand("InvalidateCache", ...).   
[2024-Sept-10 08:39:05] [trace] [  JLink] - - 0.002ms returns 0x00  
[2024-Sept-10 08:39:05] [trace] [  JLink] - JLINK_HasError()  
[2024-Sept-10 08:39:05] [trace] [  JLink] - JLINK_ReadMemU32(0x4001E400, 0x1 Items)  
[2024-Sept-10 08:39:05] [trace] [  JLink] - CPU_ReadMem(4 bytes @ 0x4001E400)
[2024-Sept-10 08:39:05] [trace] [  JLink] - Data:  01 00 00 00
[2024-Sept-10 08:39:05] [trace] [  JLink] - - 0.579ms returns 1 (0x1)  
[2024-Sept-10 08:39:05] [trace] [  JLink] - JLINK_HasError()  
[2024-Sept-10 08:39:05] [debug] [  nRF52] - Just_write_u32
[2024-Sept-10 08:39:05] [debug] [SeggerBackend] - write_u32
[2024-Sept-10 08:39:05] [debug] [SeggerBackend] - ---just_connect_to_device
[2024-Sept-10 08:39:05] [debug] [SeggerBackend] - is_connected_to_device
[2024-Sept-10 08:39:05] [debug] [SeggerBackend] - ---just_halt
[2024-Sept-10 08:39:05] [trace] [  JLink] - JLINK_Halt()  
[2024-Sept-10 08:39:05] [trace] [  JLink] - - 0.002ms returns 0x00  
[2024-Sept-10 08:39:05] [trace] [  JLink] - JLINK_HasError()  
[2024-Sept-10 08:39:05] [debug] [SeggerBackend] - ---just_write_u32
[2024-Sept-10 08:39:05] [debug] [SeggerBackend] - ---just_write_debug_port_register
[2024-Sept-10 08:39:05] [debug] [SeggerBackend] - ---just_select_debug_port_register
[2024-Sept-10 08:39:05] [debug] [SeggerBackend] - Select AP 255, DP Bank 0, AP Bank 255
[2024-Sept-10 08:39:05] [trace] [  JLink] - JLINK_CORESIGHT_WriteAPDPReg(DP reg 0x02, 0x00000000)  
[2024-Sept-10 08:39:05] [trace] [  JLink] - - 0.452ms returns 0  
[2024-Sept-10 08:39:05] [trace] [  JLink] - JLINK_HasError()  
[2024-Sept-10 08:39:05] [trace] [  JLink] - JLINK_CORESIGHT_WriteAPDPReg(DP reg 0x02, 0x00000000)  
[2024-Sept-10 08:39:05] [trace] [  JLink] - - 0.454ms returns 0  
[2024-Sept-10 08:39:05] [trace] [  JLink] - JLINK_HasError()  
[2024-Sept-10 08:39:05] [trace] [  JLink] - JLINK_WriteU32_64(0x40000558, 0x0000005A)  
[2024-Sept-10 08:39:05] [trace] [  JLink] - CPU_WriteMem(4 bytes @ 0x40000558)
[2024-Sept-10 08:39:05] [trace] [  JLink] - - 0.639ms returns 0 (0x00000000)  
[2024-Sept-10 08:39:05] [trace] [  JLink] - JLINK_HasError()  
[2024-Sept-10 08:39:05] [debug] [SeggerBackend] - halt
[2024-Sept-10 08:39:05] [debug] [SeggerBackend] - ---just_connect_to_device
[2024-Sept-10 08:39:05] [debug] [SeggerBackend] - is_connected_to_device
[2024-Sept-10 08:39:05] [debug] [SeggerBackend] - ---just_halt
[2024-Sept-10 08:39:05] [trace] [  JLink] - JLINK_Halt()  
[2024-Sept-10 08:39:05] [trace] [  JLink] - - 0.002ms returns 0x00  
[2024-Sept-10 08:39:05] [trace] [  JLink] - JLINK_HasError()  
[2024-Sept-10 08:39:05] [debug] [SeggerBackend] - sys_reset
[2024-Sept-10 08:39:05] [debug] [SeggerBackend] - ---just_connect_to_device
[2024-Sept-10 08:39:05] [debug] [SeggerBackend] - is_connected_to_device
[2024-Sept-10 08:39:05] [debug] [SeggerBackend] - ---just_halt
[2024-Sept-10 08:39:05] [trace] [  JLink] - JLINK_Halt()  
[2024-Sept-10 08:39:05] [trace] [  JLink] - - 0.001ms returns 0x00  
[2024-Sept-10 08:39:05] [trace] [  JLink] - JLINK_HasError()  
[2024-Sept-10 08:39:05] [debug] [SeggerBackend] - ---just_sys_reset
[2024-Sept-10 08:39:05] [trace] [  JLink] - JLINK_SetResetType(JLINKARM_CM3_RESET_TYPE_NORMAL)  
[2024-Sept-10 08:39:05] [trace] [  JLink] - - 0.004ms returns JLINKARM_CM3_RESET_TYPE_NORMAL  
[2024-Sept-10 08:39:05] [trace] [  JLink] - JLINK_HasError()  
[2024-Sept-10 08:39:05] [trace] [  JLink] - JLINK_Reset()  
[2024-Sept-10 08:39:05] [trace] [  JLink] - CPU_WriteMem(4 bytes @ 0xE000EDF0)
[2024-Sept-10 08:39:05] [trace] [  JLink] - CPU_WriteMem(4 bytes @ 0xE000EDFC)
[2024-Sept-10 08:39:05] [trace] [  JLink] - Reset: Halt core after reset via DEMCR.VC_CORERESET.
[2024-Sept-10 08:39:05] [trace] [  JLink] - Reset: Halt core after reset via DEMCR.VC_CORERESET.
[2024-Sept-10 08:39:05] [trace] [  JLink] - Reset: Reset device via AIRCR.SYSRESETREQ.
[2024-Sept-10 08:39:05] [trace] [  JLink] - Reset: Reset device via AIRCR.SYSRESETREQ.
[2024-Sept-10 08:39:05] [trace] [  JLink] - CPU_WriteMem(4 bytes @ 0xE000ED0C)
[2024-Sept-10 08:39:05] [trace] [  JLink] - CPU_ReadMem(4 bytes @ 0xE000EDF0)
[2024-Sept-10 08:39:05] [trace] [  JLink] - CPU_ReadMem(4 bytes @ 0xE000EDF0)
[2024-Sept-10 08:39:05] [trace] [  JLink] - CPU_WriteMem(4 bytes @ 0xE000EDFC)
[2024-Sept-10 08:39:05] [trace] [  JLink] - CPU_ReadMem(4 bytes @ 0xE000EDF0)
[2024-Sept-10 08:39:05] [trace] [  JLink] - CPU_WriteMem(4 bytes @ 0xE0002000)
[2024-Sept-10 08:39:05] [trace] [  JLink] - CPU_ReadMem(4 bytes @ 0xE000EDFC)
[2024-Sept-10 08:39:05] [trace] [  JLink] - CPU_ReadMem(4 bytes @ 0xE0001000)
[2024-Sept-10 08:39:05] [trace] [  JLink] - - 69.508ms  
[2024-Sept-10 08:39:05] [trace] [  JLink] - JLINK_HasError()  
[2024-Sept-10 08:39:05] [debug] [  nRF52] - Just_power_ram_all
[2024-Sept-10 08:39:05] [debug] [  nRF52] - Just_readback_status
[2024-Sept-10 08:39:05] [debug] [  nRF52] - Just_is_ctrl_ap_available
[2024-Sept-10 08:39:05] [debug] [SeggerBackend] - read_access_port_register
[2024-Sept-10 08:39:05] [debug] [SeggerBackend] - ---just_read_access_port_register
[2024-Sept-10 08:39:05] [debug] [SeggerBackend] - ---just_select_access_port_register
[2024-Sept-10 08:39:05] [debug] [SeggerBackend] - Select AP 1, DP Bank 255, AP Bank 15
[2024-Sept-10 08:39:05] [trace] [  JLink] - JLINK_CORESIGHT_WriteAPDPReg(DP reg 0x02, 0x010000F0)  
[2024-Sept-10 08:39:05] [trace] [  JLink] - - 0.431ms returns 0  
[2024-Sept-10 08:39:05] [trace] [  JLink] - JLINK_HasError()  
[2024-Sept-10 08:39:05] [trace] [  JLink] - JLINK_CORESIGHT_ReadAPDPReg(AP reg 0x03)  
[2024-Sept-10 08:39:05] [trace] [  JLink] - Value=0x02880000
[2024-Sept-10 08:39:05] [trace] [  JLink] - - 0.457ms returns 0  
[2024-Sept-10 08:39:05] [trace] [  JLink] - JLINK_HasError()  
[2024-Sept-10 08:39:05] [debug] [SeggerBackend] - read_access_port_register
[2024-Sept-10 08:39:05] [debug] [SeggerBackend] - ---just_read_access_port_register
[2024-Sept-10 08:39:05] [debug] [SeggerBackend] - ---just_select_access_port_register
[2024-Sept-10 08:39:05] [trace] [  JLink] - JLINK_CORESIGHT_ReadAPDPReg(AP reg 0x03)  
[2024-Sept-10 08:39:05] [trace] [  JLink] - Value=0x02880000
[2024-Sept-10 08:39:05] [trace] [  JLink] - - 0.471ms returns 0  
[2024-Sept-10 08:39:05] [trace] [  JLink] - JLINK_HasError()  
[2024-Sept-10 08:39:05] [debug] [SeggerBackend] - read_access_port_register
[2024-Sept-10 08:39:05] [debug] [SeggerBackend] - ---just_read_access_port_register
[2024-Sept-10 08:39:05] [debug] [SeggerBackend] - ---just_select_access_port_register
[2024-Sept-10 08:39:05] [trace] [  JLink] - JLINK_CORESIGHT_ReadAPDPReg(AP reg 0x03)  
[2024-Sept-10 08:39:05] [trace] [  JLink] - Value=0x02880000
[2024-Sept-10 08:39:05] [trace] [  JLink] - - 0.456ms returns 0  
[2024-Sept-10 08:39:05] [trace] [  JLink] - JLINK_HasError()  
[2024-Sept-10 08:39:05] [debug] [SeggerBackend] - read_access_port_register
[2024-Sept-10 08:39:05] [debug] [SeggerBackend] - ---just_read_access_port_register
[2024-Sept-10 08:39:05] [debug] [SeggerBackend] - ---just_select_access_port_register
[2024-Sept-10 08:39:05] [trace] [  JLink] - JLINK_CORESIGHT_ReadAPDPReg(AP reg 0x03)  
[2024-Sept-10 08:39:05] [trace] [  JLink] - Value=0x02880000
[2024-Sept-10 08:39:05] [trace] [  JLink] - - 0.508ms returns 0  
[2024-Sept-10 08:39:05] [trace] [  JLink] - JLINK_HasError()  
[2024-Sept-10 08:39:05] [debug] [SeggerBackend] - read_access_port_register
[2024-Sept-10 08:39:05] [debug] [SeggerBackend] - ---just_read_access_port_register
[2024-Sept-10 08:39:05] [debug] [SeggerBackend] - ---just_select_access_port_register
[2024-Sept-10 08:39:05] [debug] [SeggerBackend] - Select AP 1, DP Bank 0, AP Bank 0
[2024-Sept-10 08:39:05] [trace] [  JLink] - JLINK_CORESIGHT_WriteAPDPReg(DP reg 0x02, 0x01000000)  
[2024-Sept-10 08:39:05] [trace] [  JLink] - - 0.446ms returns 0  
[2024-Sept-10 08:39:05] [trace] [  JLink] - JLINK_HasError()  
[2024-Sept-10 08:39:05] [trace] [  JLink] - JLINK_CORESIGHT_ReadAPDPReg(AP reg 0x03)  
[2024-Sept-10 08:39:05] [trace] [  JLink] - Value=0x00000001
[2024-Sept-10 08:39:05] [trace] [  JLink] - - 0.502ms returns 0  
[2024-Sept-10 08:39:05] [trace] [  JLink] - JLINK_HasError()  
[2024-Sept-10 08:39:05] [debug] [SeggerBackend] - read_access_port_register
[2024-Sept-10 08:39:05] [debug] [SeggerBackend] - ---just_read_access_port_register
[2024-Sept-10 08:39:05] [debug] [SeggerBackend] - ---just_select_access_port_register
[2024-Sept-10 08:39:05] [trace] [  JLink] - JLINK_CORESIGHT_ReadAPDPReg(AP reg 0x03)  
[2024-Sept-10 08:39:05] [trace] [  JLink] - Value=0x00000001
[2024-Sept-10 08:39:05] [trace] [  JLink] - - 0.472ms returns 0  
[2024-Sept-10 08:39:05] [trace] [  JLink] - JLINK_HasError()  
[2024-Sept-10 08:39:05] [debug] [SeggerBackend] - read_access_port_register
[2024-Sept-10 08:39:05] [debug] [SeggerBackend] - ---just_read_access_port_register
[2024-Sept-10 08:39:05] [debug] [SeggerBackend] - ---just_select_access_port_register
[2024-Sept-10 08:39:05] [trace] [  JLink] - JLINK_CORESIGHT_ReadAPDPReg(AP reg 0x03)  
[2024-Sept-10 08:39:05] [trace] [  JLink] - Value=0x00000001
[2024-Sept-10 08:39:05] [trace] [  JLink] - - 0.522ms returns 0  
[2024-Sept-10 08:39:05] [trace] [  JLink] - JLINK_HasError()  
[2024-Sept-10 08:39:05] [debug] [SeggerBackend] - read_access_port_register
[2024-Sept-10 08:39:05] [debug] [SeggerBackend] - ---just_read_access_port_register
[2024-Sept-10 08:39:05] [debug] [SeggerBackend] - ---just_select_access_port_register
[2024-Sept-10 08:39:05] [trace] [  JLink] - JLINK_CORESIGHT_ReadAPDPReg(AP reg 0x03)  
[2024-Sept-10 08:39:05] [trace] [  JLink] - Value=0x00000001
[2024-Sept-10 08:39:05] [trace] [  JLink] - - 0.485ms returns 0  
[2024-Sept-10 08:39:05] [trace] [  JLink] - JLINK_HasError()  
[2024-Sept-10 08:39:05] [ info] [  nRF52] - Protection status read as NONE
[2024-Sept-10 08:39:05] [debug] [SeggerBackend] - write_u32
[2024-Sept-10 08:39:05] [debug] [SeggerBackend] - ---just_connect_to_device
[2024-Sept-10 08:39:05] [debug] [SeggerBackend] - is_connected_to_device
[2024-Sept-10 08:39:05] [debug] [SeggerBackend] - ---just_write_u32
[2024-Sept-10 08:39:05] [debug] [SeggerBackend] - ---just_write_debug_port_register
[2024-Sept-10 08:39:05] [debug] [SeggerBackend] - ---just_select_debug_port_register
[2024-Sept-10 08:39:05] [debug] [SeggerBackend] - Select AP 255, DP Bank 0, AP Bank 255
[2024-Sept-10 08:39:05] [trace] [  JLink] - JLINK_CORESIGHT_WriteAPDPReg(DP reg 0x02, 0x00000000)  
[2024-Sept-10 08:39:05] [trace] [  JLink] - - 0.451ms returns 0  
[2024-Sept-10 08:39:05] [trace] [  JLink] - JLINK_HasError()  
[2024-Sept-10 08:39:05] [trace] [  JLink] - JLINK_CORESIGHT_WriteAPDPReg(DP reg 0x02, 0x00000000)  
[2024-Sept-10 08:39:05] [trace] [  JLink] - - 0.444ms returns 0  
[2024-Sept-10 08:39:05] [trace] [  JLink] - JLINK_HasError()  
[2024-Sept-10 08:39:05] [trace] [  JLink] - JLINK_WriteU32_64(0x40000904, 0x0000FFFF)  
[2024-Sept-10 08:39:05] [trace] [  JLink] - CPU_WriteMem(4 bytes @ 0x40000904)
[2024-Sept-10 08:39:05] [trace] [  JLink] - - 0.597ms returns 0 (0x00000000)  
[2024-Sept-10 08:39:05] [trace] [  JLink] - JLINK_HasError()  
[2024-Sept-10 08:39:05] [debug] [SeggerBackend] - write_u32
[2024-Sept-10 08:39:05] [debug] [SeggerBackend] - ---just_connect_to_device
[2024-Sept-10 08:39:05] [debug] [SeggerBackend] - is_connected_to_device
[2024-Sept-10 08:39:05] [debug] [SeggerBackend] - ---just_write_u32
[2024-Sept-10 08:39:05] [debug] [SeggerBackend] - ---just_write_debug_port_register
[2024-Sept-10 08:39:05] [debug] [SeggerBackend] - ---just_select_debug_port_register
[2024-Sept-10 08:39:05] [debug] [SeggerBackend] - Select AP 255, DP Bank 0, AP Bank 255
[2024-Sept-10 08:39:05] [trace] [  JLink] - JLINK_CORESIGHT_WriteAPDPReg(DP reg 0x02, 0x00000000)  
[2024-Sept-10 08:39:05] [trace] [  JLink] - - 0.430ms returns 0  
[2024-Sept-10 08:39:05] [trace] [  JLink] - JLINK_HasError()  
[2024-Sept-10 08:39:05] [trace] [  JLink] - JLINK_CORESIGHT_WriteAPDPReg(DP reg 0x02, 0x00000000)  
[2024-Sept-10 08:39:05] [trace] [  JLink] - - 0.512ms returns 0  
[2024-Sept-10 08:39:05] [trace] [  JLink] - JLINK_HasError()  
[2024-Sept-10 08:39:05] [trace] [  JLink] - JLINK_WriteU32_64(0x40000914, 0x0000FFFF)  
[2024-Sept-10 08:39:05] [trace] [  JLink] - CPU_WriteMem(4 bytes @ 0x40000914)
[2024-Sept-10 08:39:05] [trace] [  JLink] - - 0.591ms returns 0 (0x00000000)  
[2024-Sept-10 08:39:05] [trace] [  JLink] - JLINK_HasError()  
[2024-Sept-10 08:39:05] [debug] [SeggerBackend] - write_u32
[2024-Sept-10 08:39:05] [debug] [SeggerBackend] - ---just_connect_to_device
[2024-Sept-10 08:39:05] [debug] [SeggerBackend] - is_connected_to_device
[2024-Sept-10 08:39:05] [debug] [SeggerBackend] - ---just_write_u32
[2024-Sept-10 08:39:05] [debug] [SeggerBackend] - ---just_write_debug_port_register
[2024-Sept-10 08:39:05] [debug] [SeggerBackend] - ---just_select_debug_port_register
[2024-Sept-10 08:39:05] [debug] [SeggerBackend] - Select AP 255, DP Bank 0, AP Bank 255
[2024-Sept-10 08:39:05] [trace] [  JLink] - JLINK_CORESIGHT_WriteAPDPReg(DP reg 0x02, 0x00000000)  
[2024-Sept-10 08:39:05] [trace] [ Client] - Command recover executed for 1188 milliseconds with result 0
[2024-Sept-10 08:39:05] [debug] [ Client] - read_device_info
[2024-Sept-10 08:39:05] [trace] [  JLink] - - 0.475ms returns 0  
[2024-Sept-10 08:39:05] [trace] [ Client] - Command read_device_info executed for 15 milliseconds with result 0
[2024-Sept-10 08:39:05] [debug] [ Client] - write
[2024-Sept-10 08:39:05] [trace] [  JLink] - JLINK_HasError()  
[2024-Sept-10 08:39:05] [trace] [  JLink] - JLINK_CORESIGHT_WriteAPDPReg(DP reg 0x02, 0x00000000)  
[2024-Sept-10 08:39:05] [trace] [  JLink] - - 0.429ms returns 0  
[2024-Sept-10 08:39:05] [trace] [  JLink] - JLINK_HasError()  
[2024-Sept-10 08:39:05] [trace] [  JLink] - JLINK_WriteU32_64(0x40000924, 0x0000FFFF)  
[2024-Sept-10 08:39:05] [trace] [  JLink] - CPU_WriteMem(4 bytes @ 0x40000924)
[2024-Sept-10 08:39:05] [trace] [  JLink] - - 0.614ms returns 0 (0x00000000)  
[2024-Sept-10 08:39:05] [trace] [  JLink] - JLINK_HasError()  
[2024-Sept-10 08:39:05] [debug] [SeggerBackend] - write_u32
[2024-Sept-10 08:39:05] [debug] [SeggerBackend] - ---just_connect_to_device
[2024-Sept-10 08:39:05] [debug] [SeggerBackend] - is_connected_to_device
[2024-Sept-10 08:39:05] [debug] [SeggerBackend] - ---just_write_u32
[2024-Sept-10 08:39:05] [debug] [SeggerBackend] - ---just_write_debug_port_register
[2024-Sept-10 08:39:05] [debug] [SeggerBackend] - ---just_select_debug_port_register
[2024-Sept-10 08:39:05] [debug] [SeggerBackend] - Select AP 255, DP Bank 0, AP Bank 255
[2024-Sept-10 08:39:05] [trace] [  JLink] - JLINK_CORESIGHT_WriteAPDPReg(DP reg 0x02, 0x00000000)  
[2024-Sept-10 08:39:05] [trace] [  JLink] - - 0.487ms returns 0  
[2024-Sept-10 08:39:05] [trace] [  JLink] - JLINK_HasError()  
[2024-Sept-10 08:39:05] [trace] [  JLink] - JLINK_CORESIGHT_WriteAPDPReg(DP reg 0x02, 0x00000000)  
[2024-Sept-10 08:39:05] [trace] [  JLink] - - 0.426ms returns 0  
[2024-Sept-10 08:39:05] [trace] [  JLink] - JLINK_HasError()  
[2024-Sept-10 08:39:05] [trace] [  JLink] - JLINK_WriteU32_64(0x40000934, 0x0000FFFF)  
[2024-Sept-10 08:39:05] [trace] [  JLink] - CPU_WriteMem(4 bytes @ 0x40000934)
[2024-Sept-10 08:39:05] [trace] [  JLink] - - 0.565ms returns 0 (0x00000000)  
[2024-Sept-10 08:39:05] [trace] [  JLink] - JLINK_HasError()  
[2024-Sept-10 08:39:05] [debug] [SeggerBackend] - write_u32
[2024-Sept-10 08:39:05] [debug] [SeggerBackend] - ---just_connect_to_device
[2024-Sept-10 08:39:05] [debug] [SeggerBackend] - is_connected_to_device
[2024-Sept-10 08:39:05] [debug] [SeggerBackend] - ---just_write_u32
[2024-Sept-10 08:39:05] [debug] [SeggerBackend] - ---just_write_debug_port_register
[2024-Sept-10 08:39:05] [debug] [SeggerBackend] - ---just_select_debug_port_register
[2024-Sept-10 08:39:05] [debug] [SeggerBackend] - Select AP 255, DP Bank 0, AP Bank 255
[2024-Sept-10 08:39:05] [trace] [  JLink] - JLINK_CORESIGHT_WriteAPDPReg(DP reg 0x02, 0x00000000)  
[2024-Sept-10 08:39:05] [trace] [  JLink] - - 0.427ms returns 0  
[2024-Sept-10 08:39:05] [trace] [  JLink] - JLINK_HasError()  
[2024-Sept-10 08:39:05] [trace] [  JLink] - JLINK_CORESIGHT_WriteAPDPReg(DP reg 0x02, 0x00000000)  
[2024-Sept-10 08:39:05] [trace] [  JLink] - - 0.455ms returns 0  
[2024-Sept-10 08:39:05] [trace] [  JLink] - JLINK_HasError()  
[2024-Sept-10 08:39:05] [trace] [  JLink] - JLINK_WriteU32_64(0x40000944, 0x0000FFFF)  
[2024-Sept-10 08:39:05] [trace] [  JLink] - CPU_WriteMem(4 bytes @ 0x40000944)
[2024-Sept-10 08:39:05] [trace] [  JLink] - - 0.592ms returns 0 (0x00000000)  
[2024-Sept-10 08:39:05] [trace] [  JLink] - JLINK_HasError()  
[2024-Sept-10 08:39:05] [debug] [SeggerBackend] - write_u32
[2024-Sept-10 08:39:05] [debug] [SeggerBackend] - ---just_connect_to_device
[2024-Sept-10 08:39:05] [debug] [SeggerBackend] - is_connected_to_device
[2024-Sept-10 08:39:05] [debug] [SeggerBackend] - ---just_write_u32
[2024-Sept-10 08:39:05] [debug] [SeggerBackend] - ---just_write_debug_port_register
[2024-Sept-10 08:39:05] [debug] [SeggerBackend] - ---just_select_debug_port_register
[2024-Sept-10 08:39:05] [debug] [SeggerBackend] - Select AP 255, DP Bank 0, AP Bank 255
[2024-Sept-10 08:39:05] [trace] [  JLink] - JLINK_CORESIGHT_WriteAPDPReg(DP reg 0x02, 0x00000000)  
[2024-Sept-10 08:39:05] [trace] [  JLink] - - 0.452ms returns 0  
[2024-Sept-10 08:39:05] [trace] [  JLink] - JLINK_HasError()  
[2024-Sept-10 08:39:05] [trace] [  JLink] - JLINK_CORESIGHT_WriteAPDPReg(DP reg 0x02, 0x00000000)  
[2024-Sept-10 08:39:05] [trace] [  JLink] - - 0.472ms returns 0  
[2024-Sept-10 08:39:05] [trace] [  JLink] - JLINK_HasError()  
[2024-Sept-10 08:39:05] [trace] [  JLink] - JLINK_WriteU32_64(0x40000954, 0x0000FFFF)  
[2024-Sept-10 08:39:05] [trace] [  JLink] - CPU_WriteMem(4 bytes @ 0x40000954)
[2024-Sept-10 08:39:05] [trace] [  JLink] - - 0.567ms returns 0 (0x00000000)  
[2024-Sept-10 08:39:05] [trace] [  JLink] - JLINK_HasError()  
[2024-Sept-10 08:39:05] [debug] [SeggerBackend] - write_u32
[2024-Sept-10 08:39:05] [debug] [SeggerBackend] - ---just_connect_to_device
[2024-Sept-10 08:39:05] [debug] [SeggerBackend] - is_connected_to_device
[2024-Sept-10 08:39:05] [debug] [SeggerBackend] - ---just_write_u32
[2024-Sept-10 08:39:05] [debug] [SeggerBackend] - ---just_write_debug_port_register
[2024-Sept-10 08:39:05] [debug] [SeggerBackend] - ---just_select_debug_port_register
[2024-Sept-10 08:39:05] [debug] [SeggerBackend] - Select AP 255, DP Bank 0, AP Bank 255
[2024-Sept-10 08:39:05] [trace] [  JLink] - JLINK_CORESIGHT_WriteAPDPReg(DP reg 0x02, 0x00000000)  
[2024-Sept-10 08:39:05] [trace] [  JLink] - - 0.426ms returns 0  
[2024-Sept-10 08:39:05] [trace] [  JLink] - JLINK_HasError()  
[2024-Sept-10 08:39:05] [trace] [  JLink] - JLINK_CORESIGHT_WriteAPDPReg(DP reg 0x02, 0x00000000)  
[2024-Sept-10 08:39:05] [trace] [  JLink] - - 0.428ms returns 0  
[2024-Sept-10 08:39:05] [trace] [  JLink] - JLINK_HasError()  
[2024-Sept-10 08:39:05] [trace] [  JLink] - JLINK_WriteU32_64(0x40000964, 0x0000FFFF)  
[2024-Sept-10 08:39:05] [trace] [  JLink] - CPU_WriteMem(4 bytes @ 0x40000964)
[2024-Sept-10 08:39:05] [trace] [  JLink] - - 0.611ms returns 0 (0x00000000)  
[2024-Sept-10 08:39:05] [trace] [  JLink] - JLINK_HasError()  
[2024-Sept-10 08:39:05] [debug] [SeggerBackend] - write_u32
[2024-Sept-10 08:39:05] [debug] [SeggerBackend] - ---just_connect_to_device
[2024-Sept-10 08:39:05] [debug] [SeggerBackend] - is_connected_to_device
[2024-Sept-10 08:39:05] [debug] [SeggerBackend] - ---just_write_u32
[2024-Sept-10 08:39:05] [debug] [SeggerBackend] - ---just_write_debug_port_register
[2024-Sept-10 08:39:05] [debug] [SeggerBackend] - ---just_select_debug_port_register
[2024-Sept-10 08:39:05] [debug] [SeggerBackend] - Select AP 255, DP Bank 0, AP Bank 255
[2024-Sept-10 08:39:05] [trace] [  JLink] - JLINK_CORESIGHT_WriteAPDPReg(DP reg 0x02, 0x00000000)  
[2024-Sept-10 08:39:05] [trace] [  JLink] - - 0.471ms returns 0  
[2024-Sept-10 08:39:05] [trace] [  JLink] - JLINK_HasError()  
[2024-Sept-10 08:39:05] [trace] [  JLink] - JLINK_CORESIGHT_WriteAPDPReg(DP reg 0x02, 0x00000000)  
[2024-Sept-10 08:39:05] [trace] [  JLink] - - 0.422ms returns 0  
[2024-Sept-10 08:39:05] [trace] [  JLink] - JLINK_HasError()  
[2024-Sept-10 08:39:05] [trace] [  JLink] - JLINK_WriteU32_64(0x40000974, 0x0000FFFF)  
[2024-Sept-10 08:39:05] [trace] [  JLink] - CPU_WriteMem(4 bytes @ 0x40000974)
[2024-Sept-10 08:39:05] [trace] [  JLink] - - 0.589ms returns 0 (0x00000000)  
[2024-Sept-10 08:39:05] [trace] [  JLink] - JLINK_HasError()  
[2024-Sept-10 08:39:05] [debug] [SeggerBackend] - write_u32
[2024-Sept-10 08:39:05] [debug] [SeggerBackend] - ---just_connect_to_device
[2024-Sept-10 08:39:05] [debug] [SeggerBackend] - is_connected_to_device
[2024-Sept-10 08:39:05] [debug] [SeggerBackend] - ---just_write_u32
[2024-Sept-10 08:39:05] [debug] [SeggerBackend] - ---just_write_debug_port_register
[2024-Sept-10 08:39:05] [debug] [SeggerBackend] - ---just_select_debug_port_register
[2024-Sept-10 08:39:05] [debug] [SeggerBackend] - Select AP 255, DP Bank 0, AP Bank 255
[2024-Sept-10 08:39:05] [trace] [  JLink] - JLINK_CORESIGHT_WriteAPDPReg(DP reg 0x02, 0x00000000)  
[2024-Sept-10 08:39:05] [trace] [  JLink] - - 0.427ms returns 0  
[2024-Sept-10 08:39:05] [trace] [  JLink] - JLINK_HasError()  
[2024-Sept-10 08:39:05] [trace] [  JLink] - JLINK_CORESIGHT_WriteAPDPReg(DP reg 0x02, 0x00000000)  
[2024-Sept-10 08:39:05] [trace] [  JLink] - - 0.428ms returns 0  
[2024-Sept-10 08:39:05] [trace] [  JLink] - JLINK_HasError()  
[2024-Sept-10 08:39:05] [trace] [  JLink] - JLINK_WriteU32_64(0x40000984, 0x0000FFFF)  
[2024-Sept-10 08:39:05] [trace] [  JLink] - CPU_WriteMem(4 bytes @ 0x40000984)
[2024-Sept-10 08:39:05] [trace] [  JLink] - - 0.627ms returns 0 (0x00000000)  
[2024-Sept-10 08:39:05] [trace] [  JLink] - JLINK_HasError()  
[2024-Sept-10 08:39:05] [debug] [  nRF52] - Just_clear_resetreas
[2024-Sept-10 08:39:05] [debug] [SeggerBackend] - write_u32
[2024-Sept-10 08:39:05] [debug] [SeggerBackend] - ---just_connect_to_device
[2024-Sept-10 08:39:05] [debug] [SeggerBackend] - is_connected_to_device
[2024-Sept-10 08:39:05] [debug] [SeggerBackend] - ---just_write_u32
[2024-Sept-10 08:39:05] [debug] [SeggerBackend] - ---just_write_debug_port_register
[2024-Sept-10 08:39:05] [debug] [SeggerBackend] - ---just_select_debug_port_register
[2024-Sept-10 08:39:05] [debug] [SeggerBackend] - Select AP 255, DP Bank 0, AP Bank 255
[2024-Sept-10 08:39:05] [trace] [  JLink] - JLINK_CORESIGHT_WriteAPDPReg(DP reg 0x02, 0x00000000)  
[2024-Sept-10 08:39:05] [trace] [  JLink] - - 0.436ms returns 0  
[2024-Sept-10 08:39:05] [trace] [  JLink] - JLINK_HasError()  
[2024-Sept-10 08:39:05] [trace] [  JLink] - JLINK_CORESIGHT_WriteAPDPReg(DP reg 0x02, 0x00000000)  
[2024-Sept-10 08:39:05] [trace] [  JLink] - - 0.433ms returns 0  
[2024-Sept-10 08:39:05] [trace] [  JLink] - JLINK_HasError()  
[2024-Sept-10 08:39:05] [trace] [  JLink] - JLINK_WriteU32_64(0x40000400, 0xFFFFFFFF)  
[2024-Sept-10 08:39:05] [trace] [  JLink] - CPU_WriteMem(4 bytes @ 0x40000400)
[2024-Sept-10 08:39:05] [trace] [  JLink] - - 0.585ms returns 0 (0x00000000)  
[2024-Sept-10 08:39:05] [trace] [  JLink] - JLINK_HasError()  
[2024-Sept-10 08:39:05] [trace] [  JLink] - - 0.002ms  
[2024-Sept-10 08:39:05] [trace] [ Worker] - Command recover executed for 1186 milliseconds with result 0
[2024-Sept-10 08:39:05] [debug] [  nRF52] - read_device_info
[2024-Sept-10 08:39:05] [debug] [SeggerBackend] - is_connected_to_emu
[2024-Sept-10 08:39:05] [trace] [  JLink] - JLINK_IsOpen()  
[2024-Sept-10 08:39:05] [trace] [  JLink] - - 0.004ms returns 0x01  
[2024-Sept-10 08:39:05] [trace] [  JLink] - JLINK_HasError()  
[2024-Sept-10 08:39:05] [trace] [  JLink] - JLINK_Lock()  
[2024-Sept-10 08:39:05] [debug] [  nRF52] - Just_read_device_version
[2024-Sept-10 08:39:05] [debug] [  nRF52] - Just_readback_status
[2024-Sept-10 08:39:05] [debug] [  nRF52] - Just_is_ctrl_ap_available
[2024-Sept-10 08:39:05] [debug] [SeggerBackend] - read_access_port_register
[2024-Sept-10 08:39:05] [debug] [SeggerBackend] - ---just_read_access_port_register
[2024-Sept-10 08:39:05] [debug] [SeggerBackend] - ---just_is_debug_region_powered
[2024-Sept-10 08:39:05] [debug] [SeggerBackend] - ---just_read_debug_port_register
[2024-Sept-10 08:39:05] [debug] [SeggerBackend] - ---just_select_debug_port_register
[2024-Sept-10 08:39:05] [debug] [SeggerBackend] - Select AP 255, DP Bank 0, AP Bank 255
[2024-Sept-10 08:39:05] [trace] [  JLink] - JLINK_CORESIGHT_WriteAPDPReg(DP reg 0x02, 0x00000000)  
[2024-Sept-10 08:39:05] [trace] [  JLink] - - 0.499ms returns 0  
[2024-Sept-10 08:39:05] [trace] [  JLink] - JLINK_HasError()  
[2024-Sept-10 08:39:05] [trace] [  JLink] - JLINK_CORESIGHT_ReadAPDPReg(DP reg 0x01)  
[2024-Sept-10 08:39:05] [trace] [  JLink] - Value=0xF0000040
[2024-Sept-10 08:39:05] [trace] [  JLink] - - 0.467ms returns 0  
[2024-Sept-10 08:39:05] [trace] [  JLink] - JLINK_HasError()  
[2024-Sept-10 08:39:05] [debug] [SeggerBackend] - ---just_select_access_port_register
[2024-Sept-10 08:39:05] [debug] [SeggerBackend] - Select AP 1, DP Bank 0, AP Bank 15
[2024-Sept-10 08:39:05] [trace] [  JLink] - JLINK_CORESIGHT_WriteAPDPReg(DP reg 0x02, 0x010000F0)  
[2024-Sept-10 08:39:05] [trace] [  JLink] - - 0.439ms returns 0  
[2024-Sept-10 08:39:05] [trace] [  JLink] - JLINK_HasError()  
[2024-Sept-10 08:39:05] [trace] [  JLink] - JLINK_CORESIGHT_ReadAPDPReg(AP reg 0x03)  
[2024-Sept-10 08:39:05] [trace] [  JLink] - Value=0x02880000
[2024-Sept-10 08:39:05] [trace] [  JLink] - - 0.486ms returns 0  
[2024-Sept-10 08:39:05] [trace] [  JLink] - JLINK_HasError()  
[2024-Sept-10 08:39:05] [debug] [SeggerBackend] - read_access_port_register
[2024-Sept-10 08:39:05] [debug] [SeggerBackend] - ---just_read_access_port_register
[2024-Sept-10 08:39:05] [debug] [SeggerBackend] - ---just_select_access_port_register
[2024-Sept-10 08:39:05] [trace] [  JLink] - JLINK_CORESIGHT_ReadAPDPReg(AP reg 0x03)  
[2024-Sept-10 08:39:05] [trace] [  JLink] - Value=0x02880000
[2024-Sept-10 08:39:05] [trace] [  JLink] - - 0.475ms returns 0  
[2024-Sept-10 08:39:05] [trace] [  JLink] - JLINK_HasError()  
[2024-Sept-10 08:39:05] [debug] [SeggerBackend] - read_access_port_register
[2024-Sept-10 08:39:05] [debug] [SeggerBackend] - ---just_read_access_port_register
[2024-Sept-10 08:39:05] [debug] [SeggerBackend] - ---just_select_access_port_register
[2024-Sept-10 08:39:05] [trace] [  JLink] - JLINK_CORESIGHT_ReadAPDPReg(AP reg 0x03)  
[2024-Sept-10 08:39:05] [trace] [  JLink] - Value=0x02880000
[2024-Sept-10 08:39:05] [trace] [  JLink] - - 0.484ms returns 0  
[2024-Sept-10 08:39:05] [trace] [  JLink] - JLINK_HasError()  
[2024-Sept-10 08:39:05] [debug] [SeggerBackend] - read_access_port_register
[2024-Sept-10 08:39:05] [debug] [SeggerBackend] - ---just_read_access_port_register
[2024-Sept-10 08:39:05] [debug] [SeggerBackend] - ---just_select_access_port_register
[2024-Sept-10 08:39:05] [trace] [  JLink] - JLINK_CORESIGHT_ReadAPDPReg(AP reg 0x03)  
[2024-Sept-10 08:39:05] [trace] [  JLink] - Value=0x02880000
[2024-Sept-10 08:39:05] [trace] [  JLink] - - 0.485ms returns 0  
[2024-Sept-10 08:39:05] [trace] [  JLink] - JLINK_HasError()  
[2024-Sept-10 08:39:05] [debug] [SeggerBackend] - read_access_port_register
[2024-Sept-10 08:39:05] [debug] [SeggerBackend] - ---just_read_access_port_register
[2024-Sept-10 08:39:05] [debug] [SeggerBackend] - ---just_select_access_port_register
[2024-Sept-10 08:39:05] [debug] [SeggerBackend] - Select AP 1, DP Bank 0, AP Bank 0
[2024-Sept-10 08:39:05] [trace] [  JLink] - JLINK_CORESIGHT_WriteAPDPReg(DP reg 0x02, 0x01000000)  
[2024-Sept-10 08:39:05] [trace] [  JLink] - - 0.459ms returns 0  
[2024-Sept-10 08:39:05] [trace] [  JLink] - JLINK_HasError()  
[2024-Sept-10 08:39:05] [trace] [  JLink] - JLINK_CORESIGHT_ReadAPDPReg(AP reg 0x03)  
[2024-Sept-10 08:39:05] [trace] [  JLink] - Value=0x00000001
[2024-Sept-10 08:39:05] [trace] [  JLink] - - 0.526ms returns 0  
[2024-Sept-10 08:39:05] [trace] [  JLink] - JLINK_HasError()  
[2024-Sept-10 08:39:05] [debug] [SeggerBackend] - read_access_port_register
[2024-Sept-10 08:39:05] [debug] [SeggerBackend] - ---just_read_access_port_register
[2024-Sept-10 08:39:05] [debug] [SeggerBackend] - ---just_select_access_port_register
[2024-Sept-10 08:39:05] [trace] [  JLink] - JLINK_CORESIGHT_ReadAPDPReg(AP reg 0x03)  
[2024-Sept-10 08:39:05] [trace] [  JLink] - Value=0x00000001
[2024-Sept-10 08:39:05] [trace] [  JLink] - - 0.481ms returns 0  
[2024-Sept-10 08:39:05] [trace] [  JLink] - JLINK_HasError()  
[2024-Sept-10 08:39:05] [debug] [SeggerBackend] - read_access_port_register
[2024-Sept-10 08:39:05] [debug] [SeggerBackend] - ---just_read_access_port_register
[2024-Sept-10 08:39:05] [debug] [SeggerBackend] - ---just_select_access_port_register
[2024-Sept-10 08:39:05] [trace] [  JLink] - JLINK_CORESIGHT_ReadAPDPReg(AP reg 0x03)  
[2024-Sept-10 08:39:05] [trace] [  JLink] - Value=0x00000001
[2024-Sept-10 08:39:05] [trace] [  JLink] - - 0.493ms returns 0  
[2024-Sept-10 08:39:05] [trace] [  JLink] - JLINK_HasError()  
[2024-Sept-10 08:39:05] [debug] [SeggerBackend] - read_access_port_register
[2024-Sept-10 08:39:05] [debug] [SeggerBackend] - ---just_read_access_port_register
[2024-Sept-10 08:39:05] [debug] [SeggerBackend] - ---just_select_access_port_register
[2024-Sept-10 08:39:05] [trace] [  JLink] - JLINK_CORESIGHT_ReadAPDPReg(AP reg 0x03)  
[2024-Sept-10 08:39:05] [trace] [  JLink] - Value=0x00000001
[2024-Sept-10 08:39:05] [trace] [  JLink] - - 0.454ms returns 0  
[2024-Sept-10 08:39:05] [trace] [  JLink] - JLINK_HasError()  
[2024-Sept-10 08:39:05] [ info] [  nRF52] - Protection status read as NONE
[2024-Sept-10 08:39:05] [debug] [SeggerBackend] - read_u32
[2024-Sept-10 08:39:05] [debug] [SeggerBackend] - ---just_connect_to_device
[2024-Sept-10 08:39:05] [debug] [SeggerBackend] - is_connected_to_device
[2024-Sept-10 08:39:05] [trace] [  JLink] - JLINK_IsConnected()  
[2024-Sept-10 08:39:05] [trace] [  JLink] - - 0.002ms returns TRUE  
[2024-Sept-10 08:39:05] [trace] [  JLink] - JLINK_HasError()  
[2024-Sept-10 08:39:05] [debug] [SeggerBackend] - ---just_read_u32
[2024-Sept-10 08:39:05] [debug] [SeggerBackend] - ---just_invalidate_cache
[2024-Sept-10 08:39:05] [trace] [  JLink] - JLINK_ExecCommand("InvalidateCache", ...).   
[2024-Sept-10 08:39:05] [trace] [  JLink] - - 0.004ms returns 0x00  
[2024-Sept-10 08:39:05] [trace] [  JLink] - JLINK_HasError()  
[2024-Sept-10 08:39:05] [trace] [  JLink] - JLINK_ReadMemU32(0x10000130, 0x1 Items)  
[2024-Sept-10 08:39:05] [trace] [  JLink] - CPU_ReadMem(4 bytes @ 0x10000130)
[2024-Sept-10 08:39:05] [trace] [  JLink] - Data:  06 00 00 00
[2024-Sept-10 08:39:05] [trace] [  JLink] - - 0.637ms returns 1 (0x1)  
[2024-Sept-10 08:39:05] [trace] [  JLink] - JLINK_HasError()  
[2024-Sept-10 08:39:05] [debug] [SeggerBackend] - read_u32
[2024-Sept-10 08:39:05] [debug] [SeggerBackend] - ---just_connect_to_device
[2024-Sept-10 08:39:05] [debug] [SeggerBackend] - is_connected_to_device
[2024-Sept-10 08:39:05] [debug] [SeggerBackend] - ---just_read_u32
[2024-Sept-10 08:39:05] [debug] [SeggerBackend] - ---just_invalidate_cache
[2024-Sept-10 08:39:05] [trace] [  JLink] - JLINK_ExecCommand("InvalidateCache", ...).   
[2024-Sept-10 08:39:05] [trace] [  JLink] - - 0.001ms returns 0x00  
[2024-Sept-10 08:39:05] [trace] [  JLink] - JLINK_HasError()  
[2024-Sept-10 08:39:05] [trace] [  JLink] - JLINK_ReadMemU32(0x10000134, 0x1 Items)  
[2024-Sept-10 08:39:05] [trace] [  JLink] - CPU_ReadMem(4 bytes @ 0x10000134)
[2024-Sept-10 08:39:05] [trace] [  JLink] - Data:  07 00 00 00
[2024-Sept-10 08:39:05] [trace] [  JLink] - - 0.544ms returns 1 (0x1)  
[2024-Sept-10 08:39:05] [trace] [  JLink] - JLINK_HasError()  
[2024-Sept-10 08:39:05] [debug] [  nRF52] - Just_decode_device_version
[2024-Sept-10 08:39:05] [debug] [SeggerBackend] - read_u32
[2024-Sept-10 08:39:05] [debug] [SeggerBackend] - ---just_connect_to_device
[2024-Sept-10 08:39:05] [debug] [SeggerBackend] - is_connected_to_device
[2024-Sept-10 08:39:05] [debug] [SeggerBackend] - ---just_read_u32
[2024-Sept-10 08:39:05] [debug] [SeggerBackend] - ---just_invalidate_cache
[2024-Sept-10 08:39:05] [trace] [  JLink] - JLINK_ExecCommand("InvalidateCache", ...).   
[2024-Sept-10 08:39:05] [trace] [  JLink] - - 0.001ms returns 0x00  
[2024-Sept-10 08:39:05] [trace] [  JLink] - JLINK_HasError()  
[2024-Sept-10 08:39:05] [trace] [  JLink] - JLINK_ReadMemU32(0x10000110, 0x1 Items)  
[2024-Sept-10 08:39:05] [trace] [  JLink] - CPU_ReadMem(4 bytes @ 0x10000110)
[2024-Sept-10 08:39:05] [trace] [  JLink] - Data:  00 02 00 00
[2024-Sept-10 08:39:05] [trace] [  JLink] - - 0.547ms returns 1 (0x1)  
[2024-Sept-10 08:39:05] [trace] [  JLink] - JLINK_HasError()  
[2024-Sept-10 08:39:05] [debug] [  nRF52] - Device identified as NRF52832_xxAA_REV3
[2024-Sept-10 08:39:05] [trace] [  JLink] - - 0.006ms  
[2024-Sept-10 08:39:05] [trace] [ Worker] - Command read_device_info executed for 7 milliseconds with result 0
[2024-Sept-10 08:39:05] [debug] [  nRF52] - write
[2024-Sept-10 08:39:05] [debug] [SeggerBackend] - is_connected_to_emu
[2024-Sept-10 08:39:05] [trace] [  JLink] - JLINK_IsOpen()  
[2024-Sept-10 08:39:05] [trace] [  JLink] - - 0.005ms returns 0x01  
[2024-Sept-10 08:39:05] [trace] [  JLink] - JLINK_HasError()  
[2024-Sept-10 08:39:05] [trace] [  JLink] - JLINK_Lock()  
[2024-Sept-10 08:39:05] [debug] [  nRF52] - Just_write
[2024-Sept-10 08:39:05] [debug] [SeggerBackend] - write
[2024-Sept-10 08:39:05] [debug] [SeggerBackend] - ---just_connect_to_device
[2024-Sept-10 08:39:05] [debug] [SeggerBackend] - is_connected_to_device
[2024-Sept-10 08:39:05] [trace] [  JLink] - JLINK_IsConnected()  
[2024-Sept-10 08:39:05] [trace] [  JLink] - - 0.002ms returns TRUE  
[2024-Sept-10 08:39:05] [trace] [  JLink] - JLINK_HasError()  
[2024-Sept-10 08:39:05] [debug] [SeggerBackend] - ---just_is_debug_region_powered
[2024-Sept-10 08:39:05] [debug] [SeggerBackend] - ---just_read_debug_port_register
[2024-Sept-10 08:39:05] [debug] [SeggerBackend] - ---just_select_debug_port_register
[2024-Sept-10 08:39:05] [debug] [SeggerBackend] - Select AP 255, DP Bank 0, AP Bank 255
[2024-Sept-10 08:39:05] [trace] [  JLink] - JLINK_CORESIGHT_WriteAPDPReg(DP reg 0x02, 0x00000000)  
[2024-Sept-10 08:39:05] [trace] [  JLink] - - 0.443ms returns 0  
[2024-Sept-10 08:39:05] [trace] [  JLink] - JLINK_HasError()  
[2024-Sept-10 08:39:05] [trace] [  JLink] - JLINK_CORESIGHT_ReadAPDPReg(DP reg 0x01)  
[2024-Sept-10 08:39:05] [trace] [  JLink] - Value=0xF0000040
[2024-Sept-10 08:39:05] [trace] [  JLink] - - 0.445ms returns 0  
[2024-Sept-10 08:39:05] [trace] [  JLink] - JLINK_HasError()  
[2024-Sept-10 08:39:05] [debug] [SeggerBackend] - ---just_halt
[2024-Sept-10 08:39:05] [trace] [  JLink] - JLINK_Halt()  
[2024-Sept-10 08:39:05] [trace] [  JLink] - - 0.002ms returns 0x00  
[2024-Sept-10 08:39:05] [trace] [  JLink] - JLINK_HasError()  
[2024-Sept-10 08:39:05] [debug] [SeggerBackend] - ---just_write
[2024-Sept-10 08:39:05] [debug] [  nRF52] - Just_nvmc_config_control
[2024-Sept-10 08:39:05] [debug] [SeggerBackend] - write_u32
[2024-Sept-10 08:39:05] [debug] [SeggerBackend] - ---just_connect_to_device
[2024-Sept-10 08:39:05] [debug] [SeggerBackend] - is_connected_to_device
[2024-Sept-10 08:39:05] [debug] [SeggerBackend] - ---just_write_u32
[2024-Sept-10 08:39:05] [debug] [SeggerBackend] - ---just_write_debug_port_register
[2024-Sept-10 08:39:05] [debug] [SeggerBackend] - ---just_select_debug_port_register
[2024-Sept-10 08:39:05] [debug] [SeggerBackend] - Select AP 255, DP Bank 0, AP Bank 255
[2024-Sept-10 08:39:05] [trace] [  JLink] - JLINK_CORESIGHT_WriteAPDPReg(DP reg 0x02, 0x00000000)  
[2024-Sept-10 08:39:05] [trace] [  JLink] - - 0.434ms returns 0  
[2024-Sept-10 08:39:05] [trace] [  JLink] - JLINK_HasError()  
[2024-Sept-10 08:39:05] [trace] [  JLink] - JLINK_CORESIGHT_WriteAPDPReg(DP reg 0x02, 0x00000000)  
[2024-Sept-10 08:39:05] [trace] [  JLink] - - 0.434ms returns 0  
[2024-Sept-10 08:39:05] [trace] [  JLink] - JLINK_HasError()  
[2024-Sept-10 08:39:05] [trace] [  JLink] - JLINK_WriteU32_64(0x4001E504, 0x00000001)  
[2024-Sept-10 08:39:05] [trace] [  JLink] - CPU_WriteMem(4 bytes @ 0x4001E504)
[2024-Sept-10 08:39:05] [trace] [  JLink] - - 0.575ms returns 0 (0x00000000)  
[2024-Sept-10 08:39:05] [trace] [  JLink] - JLINK_HasError()  
[2024-Sept-10 08:39:05] [debug] [  nRF52] - Just_nvmc_wait_for_ready
[2024-Sept-10 08:39:05] [debug] [SeggerBackend] - read_u32
[2024-Sept-10 08:39:05] [debug] [SeggerBackend] - ---just_connect_to_device
[2024-Sept-10 08:39:05] [debug] [SeggerBackend] - is_connected_to_device
[2024-Sept-10 08:39:05] [debug] [SeggerBackend] - ---just_read_u32
[2024-Sept-10 08:39:05] [debug] [SeggerBackend] - ---just_invalidate_cache
[2024-Sept-10 08:39:05] [trace] [  JLink] - JLINK_ExecCommand("InvalidateCache", ...).   
[2024-Sept-10 08:39:05] [trace] [  JLink] - - 0.002ms returns 0x00  
[2024-Sept-10 08:39:05] [trace] [  JLink] - JLINK_HasError()  
[2024-Sept-10 08:39:05] [trace] [  JLink] - JLINK_ReadMemU32(0x4001E400, 0x1 Items)  
[2024-Sept-10 08:39:05] [trace] [  JLink] - CPU_ReadMem(4 bytes @ 0x4001E400)
[2024-Sept-10 08:39:05] [trace] [  JLink] - Data:  01 00 00 00
[2024-Sept-10 08:39:05] [trace] [  JLink] - - 0.583ms returns 1 (0x1)  
[2024-Sept-10 08:39:05] [trace] [  JLink] - JLINK_HasError()  
[2024-Sept-10 08:39:05] [trace] [  JLink] - JLINK_WriteMem(0x00000000, 0xDE4 Bytes, ...)  
[2024-Sept-10 08:39:05] [trace] [  JLink] - Data:  00 00 01 20 7D 05 00 00 A5 05 00 00 A7 05 00 00 ...
[2024-Sept-10 08:39:05] [trace] [  JLink] - CPU_WriteMem(3556 bytes @ 0x00000000)
[2024-Sept-10 08:39:05] [trace] [ Client] - Command write executed for 76 milliseconds with result 0
[2024-Sept-10 08:39:05] [trace] [  JLink] - - 64.251ms returns 0xDE4  
[2024-Sept-10 08:39:05] [trace] [  JLink] - JLINK_HasError()  
[2024-Sept-10 08:39:05] [debug] [  nRF52] - Just_nvmc_wait_for_ready
[2024-Sept-10 08:39:05] [debug] [SeggerBackend] - read_u32
[2024-Sept-10 08:39:05] [debug] [SeggerBackend] - ---just_connect_to_device
[2024-Sept-10 08:39:05] [debug] [SeggerBackend] - is_connected_to_device
[2024-Sept-10 08:39:05] [debug] [SeggerBackend] - ---just_read_u32
[2024-Sept-10 08:39:05] [debug] [SeggerBackend] - ---just_invalidate_cache
[2024-Sept-10 08:39:05] [trace] [  JLink] - JLINK_ExecCommand("InvalidateCache", ...).   
[2024-Sept-10 08:39:05] [trace] [  JLink] - - 0.004ms returns 0x00  
[2024-Sept-10 08:39:05] [trace] [  JLink] - JLINK_HasError()  
[2024-Sept-10 08:39:05] [trace] [  JLink] - JLINK_ReadMemU32(0x4001E400, 0x1 Items)  
[2024-Sept-10 08:39:05] [trace] [  JLink] - CPU_ReadMem(4 bytes @ 0x4001E400)
[2024-Sept-10 08:39:05] [trace] [  JLink] - Data:  01 00 00 00
[2024-Sept-10 08:39:05] [trace] [  JLink] - - 0.621ms returns 1 (0x1)  
[2024-Sept-10 08:39:05] [trace] [  JLink] - JLINK_HasError()  
[2024-Sept-10 08:39:05] [debug] [  nRF52] - Just_nvmc_config_control
[2024-Sept-10 08:39:05] [debug] [SeggerBackend] - write_u32
[2024-Sept-10 08:39:05] [debug] [SeggerBackend] - ---just_connect_to_device
[2024-Sept-10 08:39:05] [debug] [SeggerBackend] - is_connected_to_device
[2024-Sept-10 08:39:05] [debug] [SeggerBackend] - ---just_write_u32
[2024-Sept-10 08:39:05] [debug] [SeggerBackend] - ---just_write_debug_port_register
[2024-Sept-10 08:39:05] [debug] [SeggerBackend] - ---just_select_debug_port_register
[2024-Sept-10 08:39:05] [debug] [SeggerBackend] - Select AP 255, DP Bank 0, AP Bank 255
[2024-Sept-10 08:39:05] [trace] [  JLink] - JLINK_CORESIGHT_WriteAPDPReg(DP reg 0x02, 0x00000000)  
[2024-Sept-10 08:39:05] [trace] [  JLink] - - 0.426ms returns 0  
[2024-Sept-10 08:39:05] [trace] [  JLink] - JLINK_HasError()  
[2024-Sept-10 08:39:05] [trace] [  JLink] - JLINK_CORESIGHT_WriteAPDPReg(DP reg 0x02, 0x00000000)  
[2024-Sept-10 08:39:05] [trace] [  JLink] - - 0.481ms returns 0  
[2024-Sept-10 08:39:05] [trace] [  JLink] - JLINK_HasError()  
[2024-Sept-10 08:39:05] [trace] [  JLink] - JLINK_WriteU32_64(0x4001E504, 0x00000000)  
[2024-Sept-10 08:39:05] [trace] [  JLink] - CPU_WriteMem(4 bytes @ 0x4001E504)
[2024-Sept-10 08:39:05] [trace] [  JLink] - - 0.601ms returns 0 (0x00000000)  
[2024-Sept-10 08:39:05] [trace] [  JLink] - JLINK_HasError()  
[2024-Sept-10 08:39:05] [debug] [  nRF52] - Just_nvmc_wait_for_ready
[2024-Sept-10 08:39:05] [debug] [SeggerBackend] - read_u32
[2024-Sept-10 08:39:05] [debug] [SeggerBackend] - ---just_connect_to_device
[2024-Sept-10 08:39:05] [debug] [SeggerBackend] - is_connected_to_device
[2024-Sept-10 08:39:05] [debug] [SeggerBackend] - ---just_read_u32
[2024-Sept-10 08:39:05] [debug] [SeggerBackend] - ---just_invalidate_cache
[2024-Sept-10 08:39:05] [trace] [  JLink] - JLINK_ExecCommand("InvalidateCache", ...).   
[2024-Sept-10 08:39:05] [trace] [  JLink] - - 0.001ms returns 0x00  
[2024-Sept-10 08:39:05] [trace] [  JLink] - JLINK_HasError()  
[2024-Sept-10 08:39:05] [trace] [  JLink] - JLINK_ReadMemU32(0x4001E400, 0x1 Items)  
[2024-Sept-10 08:39:05] [trace] [  JLink] - CPU_ReadMem(4 bytes @ 0x4001E400)
[2024-Sept-10 08:39:05] [trace] [  JLink] - Data:  01 00 00 00
[2024-Sept-10 08:39:05] [trace] [  JLink] - - 0.549ms returns 1 (0x1)  
[2024-Sept-10 08:39:05] [trace] [  JLink] - JLINK_HasError()  
[2024-Sept-10 08:39:05] [trace] [  JLink] - - 0.004ms  
[2024-Sept-10 08:39:05] [trace] [ Worker] - Command write executed for 70 milliseconds with result 0
[2024-Sept-10 08:39:06] [debug] [  nRF52] - close
[2024-Sept-10 08:39:06] [debug] [SeggerBackend] - is_connected_to_emu
[2024-Sept-10 08:39:06] [trace] [  JLink] - JLINK_IsOpen()  
[2024-Sept-10 08:39:06] [trace] [  JLink] - - 0.006ms returns 0x01  
[2024-Sept-10 08:39:06] [trace] [  JLink] - JLINK_HasError()  
[2024-Sept-10 08:39:06] [trace] [  JLink] - JLINK_Lock()  
[2024-Sept-10 08:39:06] [debug] [SeggerBackend] - close
[2024-Sept-10 08:39:06] [debug] [SeggerBackend] - disconnect_from_emu
[2024-Sept-10 08:39:06] [debug] [SeggerBackend] - ---just_disconnect_from_emu
[2024-Sept-10 08:39:06] [debug] [SeggerBackend] - is_connected_to_device
[2024-Sept-10 08:39:06] [trace] [  JLink] - JLINK_IsConnected()  
[2024-Sept-10 08:39:06] [trace] [  JLink] - - 0.002ms returns TRUE  
[2024-Sept-10 08:39:06] [trace] [  JLink] - JLINK_HasError()  
[2024-Sept-10 08:39:06] [debug] [SeggerBackend] - ---just_is_debug_region_powered
[2024-Sept-10 08:39:06] [debug] [SeggerBackend] - ---just_read_debug_port_register
[2024-Sept-10 08:39:06] [debug] [SeggerBackend] - ---just_select_debug_port_register
[2024-Sept-10 08:39:06] [debug] [SeggerBackend] - Select AP 255, DP Bank 0, AP Bank 255
[2024-Sept-10 08:39:06] [trace] [  JLink] - JLINK_CORESIGHT_WriteAPDPReg(DP reg 0x02, 0x00000000)  
[2024-Sept-10 08:39:06] [trace] [  JLink] - - 0.449ms returns 0  
[2024-Sept-10 08:39:06] [trace] [  JLink] - JLINK_HasError()  
[2024-Sept-10 08:39:06] [trace] [  JLink] - JLINK_CORESIGHT_ReadAPDPReg(DP reg 0x01)  
[2024-Sept-10 08:39:06] [trace] [  JLink] - Value=0xF0000040
[2024-Sept-10 08:39:06] [trace] [  JLink] - - 0.477ms returns 0  
[2024-Sept-10 08:39:06] [trace] [  JLink] - JLINK_HasError()  
[2024-Sept-10 08:39:06] [debug] [SeggerBackend] - Disable trace before closing connection.
[2024-Sept-10 08:39:06] [debug] [SeggerBackend] - ---just_write_u32
[2024-Sept-10 08:39:06] [debug] [SeggerBackend] - ---just_write_debug_port_register
[2024-Sept-10 08:39:06] [debug] [SeggerBackend] - ---just_select_debug_port_register
[2024-Sept-10 08:39:06] [debug] [SeggerBackend] - Select AP 255, DP Bank 0, AP Bank 255
[2024-Sept-10 08:39:06] [trace] [  JLink] - JLINK_CORESIGHT_WriteAPDPReg(DP reg 0x02, 0x00000000)  
[2024-Sept-10 08:39:06] [trace] [  JLink] - - 0.433ms returns 0  
[2024-Sept-10 08:39:06] [trace] [  JLink] - JLINK_HasError()  
[2024-Sept-10 08:39:06] [trace] [  JLink] - JLINK_CORESIGHT_WriteAPDPReg(DP reg 0x02, 0x00000000)  
[2024-Sept-10 08:39:06] [trace] [  JLink] - - 0.472ms returns 0  
[2024-Sept-10 08:39:06] [trace] [  JLink] - JLINK_HasError()  
[2024-Sept-10 08:39:06] [trace] [  JLink] - JLINK_WriteU32_64(0xE000EDFC, 0x00000000)  
[2024-Sept-10 08:39:06] [trace] [  JLink] - Debug reg: DEMCR
[2024-Sept-10 08:39:06] [trace] [  JLink] - CPU_WriteMem(4 bytes @ 0xE000EDFC)
[2024-Sept-10 08:39:06] [trace] [  JLink] - - 0.800ms returns 0 (0x00000000)  
[2024-Sept-10 08:39:06] [trace] [  JLink] - JLINK_HasError()  
[2024-Sept-10 08:39:06] [debug] [SeggerBackend] - ---just_is_debug_region_powered
[2024-Sept-10 08:39:06] [debug] [SeggerBackend] - Shortcut, lock is on and debug region is powered.
[2024-Sept-10 08:39:06] [debug] [SeggerBackend] - unpower_debug_and_system_regions
[2024-Sept-10 08:39:06] [debug] [SeggerBackend] - ---just_write_debug_port_register
[2024-Sept-10 08:39:06] [debug] [SeggerBackend] - ---just_select_debug_port_register
[2024-Sept-10 08:39:06] [trace] [  JLink] - JLINK_CORESIGHT_WriteAPDPReg(DP reg 0x01, 0x00000000)  
[2024-Sept-10 08:39:06] [trace] [  JLink] - - 0.435ms returns 0  
[2024-Sept-10 08:39:06] [trace] [  JLink] - JLINK_HasError()  
[2024-Sept-10 08:39:06] [debug] [SeggerBackend] - ---just_is_debug_region_powered
[2024-Sept-10 08:39:06] [debug] [SeggerBackend] - ---just_read_debug_port_register
[2024-Sept-10 08:39:06] [debug] [SeggerBackend] - ---just_select_debug_port_register
[2024-Sept-10 08:39:06] [trace] [  JLink] - JLINK_CORESIGHT_ReadAPDPReg(DP reg 0x01)  
[2024-Sept-10 08:39:06] [trace] [  JLink] - Value=0x00000040
[2024-Sept-10 08:39:06] [trace] [  JLink] - - 0.460ms returns 0  
[2024-Sept-10 08:39:06] [trace] [  JLink] - JLINK_HasError()  
[2024-Sept-10 08:39:06] [trace] [  JLink] - - 0.003ms  
[2024-Sept-10 08:39:06] [trace] [  JLink] - JLINK_Close()  
[2024-Sept-10 08:39:06] [debug] [SeggerBackend] - Segger Backend closed.
[2024-Sept-10 08:39:06] [debug] [  nRF52] - nRF family DLL closed
[2024-Sept-10 08:39:06] [trace] [ Worker] - Command close executed for 44 milliseconds with result 0
[2024-Sept-10 08:39:06] [trace] [ Client] - Command close executed for 61 milliseconds with result 0
[2024-Sept-10 08:39:06] [debug] [ Client] - terminate
[2024-Sept-10 08:39:06] [trace] [ Client] - Command terminate executed for 0 milliseconds with result 0
[2024-Sept-10 08:39:06] [trace] [ Worker] - Command terminate executed for 0 milliseconds with result 0
[2024-Sept-10 08:39:06] [trace] [ Worker] - Executed 10 commands for 1360 milliseconds
[2024-Sept-10 08:39:06] [debug] [ Client] - Worker process exited with code: 0
[2024-Sept-10 08:39:06] [debug] [ Client] - Worker process exited with code: 0
[2024-Sept-10 08:39:06] [debug] [ Client] - Child process terminated with result 0
[2024-Sept-10 08:39:06] [trace] [ Client] - Executed 10 commands for 1475 milliseconds
[2024-Sept-10 08:39:06] [debug] [ Client] - terminate
